Copyright 1986-2017 Xilinx, Inc. All Rights Reserved.
---------------------------------------------------------------------------------------------------------------------------------
| Tool Version : Vivado v.2017.2 (win64) Build 1909853 Thu Jun 15 18:39:09 MDT 2017
| Date         : Thu May 10 21:08:50 2018
| Host         : FPGA-PC running 64-bit Service Pack 1  (build 7601)
| Command      : report_utilization -file gtx3g_bert_axi_v1_0_utilization_synth.rpt -pb gtx3g_bert_axi_v1_0_utilization_synth.pb
| Design       : gtx3g_bert_axi_v1_0
| Device       : 7z100iffg900-2L
| Design State : Synthesized
---------------------------------------------------------------------------------------------------------------------------------

Utilization Design Information

Table of Contents
-----------------
1. Slice Logic
1.1 Summary of Registers by Type
2. Memory
3. DSP
4. IO and GT Specific
5. Clocking
6. Specific Feature
7. Primitives
8. Black Boxes
9. Instantiated Netlists

1. Slice Logic
--------------

+-------------------------+------+-------+-----------+-------+
|        Site Type        | Used | Fixed | Available | Util% |
+-------------------------+------+-------+-----------+-------+
| Slice LUTs*             |  385 |     0 |    277400 |  0.14 |
|   LUT as Logic          |  385 |     0 |    277400 |  0.14 |
|   LUT as Memory         |    0 |     0 |    108200 |  0.00 |
| Slice Registers         |  833 |     0 |    554800 |  0.15 |
|   Register as Flip Flop |  833 |     0 |    554800 |  0.15 |
|   Register as Latch     |    0 |     0 |    554800 |  0.00 |
| F7 Muxes                |   64 |     0 |    138700 |  0.05 |
| F8 Muxes                |   32 |     0 |     69350 |  0.05 |
+-------------------------+------+-------+-----------+-------+
* Warning! The Final LUT count, after physical optimizations and full implementation, is typically lower. Run opt_design after synthesis, if not already completed, for a more realistic count.


1.1 Summary of Registers by Type
--------------------------------

+-------+--------------+-------------+--------------+
| Total | Clock Enable | Synchronous | Asynchronous |
+-------+--------------+-------------+--------------+
| 0     |            _ |           - |            - |
| 0     |            _ |           - |          Set |
| 0     |            _ |           - |        Reset |
| 0     |            _ |         Set |            - |
| 0     |            _ |       Reset |            - |
| 0     |          Yes |           - |            - |
| 0     |          Yes |           - |          Set |
| 0     |          Yes |           - |        Reset |
| 10    |          Yes |         Set |            - |
| 823   |          Yes |       Reset |            - |
+-------+--------------+-------------+--------------+


2. Memory
---------

+----------------+------+-------+-----------+-------+
|    Site Type   | Used | Fixed | Available | Util% |
+----------------+------+-------+-----------+-------+
| Block RAM Tile |    0 |     0 |       755 |  0.00 |
|   RAMB36/FIFO* |    0 |     0 |       755 |  0.00 |
|   RAMB18       |    0 |     0 |      1510 |  0.00 |
+----------------+------+-------+-----------+-------+
* Note: Each Block RAM Tile only has one FIFO logic available and therefore can accommodate only one FIFO36E1 or one FIFO18E1. However, if a FIFO18E1 occupies a Block RAM Tile, that tile can still accommodate a RAMB18E1


3. DSP
------

+-----------+------+-------+-----------+-------+
| Site Type | Used | Fixed | Available | Util% |
+-----------+------+-------+-----------+-------+
| DSPs      |    0 |     0 |      2020 |  0.00 |
+-----------+------+-------+-----------+-------+


4. IO and GT Specific
---------------------

+-----------------------------+------+-------+-----------+-------+
|          Site Type          | Used | Fixed | Available | Util% |
+-----------------------------+------+-------+-----------+-------+
| Bonded IOB                  |   96 |     0 |       362 | 26.52 |
| Bonded IPADs                |    0 |     0 |        50 |  0.00 |
| Bonded OPADs                |    0 |     0 |        32 |  0.00 |
| Bonded IOPADs               |    0 |     0 |       130 |  0.00 |
| PHY_CONTROL                 |    0 |     0 |         8 |  0.00 |
| PHASER_REF                  |    0 |     0 |         8 |  0.00 |
| OUT_FIFO                    |    0 |     0 |        32 |  0.00 |
| IN_FIFO                     |    0 |     0 |        32 |  0.00 |
| IDELAYCTRL                  |    0 |     0 |         8 |  0.00 |
| IBUFDS                      |    0 |     0 |       348 |  0.00 |
| GTXE2_COMMON                |    0 |     0 |         4 |  0.00 |
| GTXE2_CHANNEL               |    0 |     0 |        16 |  0.00 |
| PHASER_OUT/PHASER_OUT_PHY   |    0 |     0 |        32 |  0.00 |
| PHASER_IN/PHASER_IN_PHY     |    0 |     0 |        32 |  0.00 |
| IDELAYE2/IDELAYE2_FINEDELAY |    0 |     0 |       400 |  0.00 |
| ODELAYE2/ODELAYE2_FINEDELAY |    0 |     0 |       150 |  0.00 |
| IBUFDS_GTE2                 |    0 |     0 |         8 |  0.00 |
| ILOGIC                      |    0 |     0 |       362 |  0.00 |
| OLOGIC                      |    0 |     0 |       362 |  0.00 |
+-----------------------------+------+-------+-----------+-------+


5. Clocking
-----------

+------------+------+-------+-----------+-------+
|  Site Type | Used | Fixed | Available | Util% |
+------------+------+-------+-----------+-------+
| BUFGCTRL   |    1 |     0 |        32 |  3.13 |
| BUFIO      |    0 |     0 |        32 |  0.00 |
| MMCME2_ADV |    0 |     0 |         8 |  0.00 |
| PLLE2_ADV  |    0 |     0 |         8 |  0.00 |
| BUFMRCE    |    0 |     0 |        16 |  0.00 |
| BUFHCE     |    0 |     0 |       168 |  0.00 |
| BUFR       |    0 |     0 |        32 |  0.00 |
+------------+------+-------+-----------+-------+


6. Specific Feature
-------------------

+-------------+------+-------+-----------+-------+
|  Site Type  | Used | Fixed | Available | Util% |
+-------------+------+-------+-----------+-------+
| BSCANE2     |    0 |     0 |         4 |  0.00 |
| CAPTUREE2   |    0 |     0 |         1 |  0.00 |
| DNA_PORT    |    0 |     0 |         1 |  0.00 |
| EFUSE_USR   |    0 |     0 |         1 |  0.00 |
| FRAME_ECCE2 |    0 |     0 |         1 |  0.00 |
| ICAPE2      |    0 |     0 |         2 |  0.00 |
| PCIE_2_1    |    0 |     0 |         1 |  0.00 |
| STARTUPE2   |    0 |     0 |         1 |  0.00 |
| XADC        |    0 |     0 |         1 |  0.00 |
+-------------+------+-------+-----------+-------+


7. Primitives
-------------

+----------+------+---------------------+
| Ref Name | Used | Functional Category |
+----------+------+---------------------+
| FDRE     |  823 |        Flop & Latch |
| LUT6     |  310 |                 LUT |
| MUXF7    |   64 |               MuxFx |
| IBUF     |   54 |                  IO |
| LUT5     |   50 |                 LUT |
| OBUF     |   42 |                  IO |
| MUXF8    |   32 |               MuxFx |
| LUT4     |   21 |                 LUT |
| LUT2     |   13 |                 LUT |
| FDSE     |   10 |        Flop & Latch |
| LUT3     |    6 |                 LUT |
| LUT1     |    4 |                 LUT |
| BUFG     |    1 |               Clock |
+----------+------+---------------------+


8. Black Boxes
--------------

+----------------------+------+
|       Ref Name       | Used |
+----------------------+------+
| gtx3g_bert_0         |    1 |
| async_dual_port_bram |    1 |
+----------------------+------+


9. Instantiated Netlists
------------------------

+----------+------+
| Ref Name | Used |
+----------+------+


