Vivado Simulator 2017.2
Time resolution is 1 ps
Block Memory Generator module tb_gtx3g_bert_axi_v1_0.axi_ad9286_ctrl_v0_1_inst_1.gtx3g_bert_axi_v1_0_S00_AXI_inst.async_dual_port_bram_inst_1.inst.native_mem_module.blk_mem_gen_v8_3_6_inst is using a behavioral model for simulation which will not precisely model memory collision behavior.
blk_mem_gen_v8_3_6 collision detected at time: 1260829, A write address: 0, B  read address: 0
blk_mem_gen_v8_3_6 collision detected at time: 1420813, A write address: 0, B  read address: 0
blk_mem_gen_v8_3_6 collision detected at time: 1580797, A write address: 0, B  read address: 0
blk_mem_gen_v8_3_6 collision detected at time: 1740781, A write address: 0, B  read address: 0
blk_mem_gen_v8_3_6 collision detected at time: 1900765, A write address: 0, B  read address: 0
blk_mem_gen_v8_3_6 collision detected at time: 2060749, A write address: 0, B  read address: 0
blk_mem_gen_v8_3_6 collision detected at time: 2220733, A write address: 0, B  read address: 0
blk_mem_gen_v8_3_6 collision detected at time: 2380717, A write address: 0, B  read address: 0
blk_mem_gen_v8_3_6 collision detected at time: 2540701, A write address: 0, B  read address: 0
blk_mem_gen_v8_3_6 collision detected at time: 2700685, A write address: 0, B  read address: 0
blk_mem_gen_v8_3_6 collision detected at time: 2860669, A write address: 0, B  read address: 0
blk_mem_gen_v8_3_6 collision detected at time: 3020653, A write address: 0, B  read address: 0
blk_mem_gen_v8_3_6 collision detected at time: 3180637, A write address: 0, B  read address: 0
blk_mem_gen_v8_3_6 collision detected at time: 3340621, A write address: 0, B  read address: 0
blk_mem_gen_v8_3_6 collision detected at time: 3500605, A write address: 0, B  read address: 0
blk_mem_gen_v8_3_6 collision detected at time: 3660589, A write address: 0, B  read address: 0
blk_mem_gen_v8_3_6 collision detected at time: 3820573, A write address: 0, B  read address: 0
blk_mem_gen_v8_3_6 collision detected at time: 3980557, A write address: 0, B  read address: 0
blk_mem_gen_v8_3_6 collision detected at time: 4140541, A write address: 0, B  read address: 0
blk_mem_gen_v8_3_6 collision detected at time: 4300525, A write address: 0, B  read address: 0
blk_mem_gen_v8_3_6 collision detected at time: 4460509, A write address: 0, B  read address: 0
blk_mem_gen_v8_3_6 collision detected at time: 4620493, A write address: 0, B  read address: 0
blk_mem_gen_v8_3_6 collision detected at time: 4780477, A write address: 0, B  read address: 0
blk_mem_gen_v8_3_6 collision detected at time: 4940461, A write address: 0, B  read address: 0
blk_mem_gen_v8_3_6 collision detected at time: 5100445, A write address: 0, B  read address: 0
blk_mem_gen_v8_3_6 collision detected at time: 5260429, A write address: 0, B  read address: 0
blk_mem_gen_v8_3_6 collision detected at time: 5420413, A write address: 0, B  read address: 0
blk_mem_gen_v8_3_6 collision detected at time: 5580397, A write address: 0, B  read address: 0
blk_mem_gen_v8_3_6 collision detected at time: 5740381, A write address: 0, B  read address: 0
blk_mem_gen_v8_3_6 collision detected at time: 5900365, A write address: 0, B  read address: 0
blk_mem_gen_v8_3_6 collision detected at time: 6060349, A write address: 0, B  read address: 0
blk_mem_gen_v8_3_6 collision detected at time: 6220333, A write address: 0, B  read address: 0
blk_mem_gen_v8_3_6 collision detected at time: 6380317, A write address: 0, B  read address: 0
blk_mem_gen_v8_3_6 collision detected at time: 6540301, A write address: 0, B  read address: 0
blk_mem_gen_v8_3_6 collision detected at time: 6700285, A write address: 0, B  read address: 0
blk_mem_gen_v8_3_6 collision detected at time: 6860269, A write address: 0, B  read address: 0
blk_mem_gen_v8_3_6 collision detected at time: 7020253, A write address: 0, B  read address: 0
blk_mem_gen_v8_3_6 collision detected at time: 7180237, A write address: 0, B  read address: 0
blk_mem_gen_v8_3_6 collision detected at time: 7340221, A write address: 0, B  read address: 0
blk_mem_gen_v8_3_6 collision detected at time: 7500205, A write address: 0, B  read address: 0
blk_mem_gen_v8_3_6 collision detected at time: 7660189, A write address: 0, B  read address: 0
blk_mem_gen_v8_3_6 collision detected at time: 7820173, A write address: 0, B  read address: 0
blk_mem_gen_v8_3_6 collision detected at time: 7980157, A write address: 0, B  read address: 0
blk_mem_gen_v8_3_6 collision detected at time: 8140141, A write address: 0, B  read address: 0
blk_mem_gen_v8_3_6 collision detected at time: 8300125, A write address: 0, B  read address: 0
blk_mem_gen_v8_3_6 collision detected at time: 8460109, A write address: 0, B  read address: 0
blk_mem_gen_v8_3_6 collision detected at time: 8620093, A write address: 0, B  read address: 0
blk_mem_gen_v8_3_6 collision detected at time: 8780077, A write address: 0, B  read address: 0
blk_mem_gen_v8_3_6 collision detected at time: 8940061, A write address: 0, B  read address: 0
blk_mem_gen_v8_3_6 collision detected at time: 9100045, A write address: 0, B  read address: 0
blk_mem_gen_v8_3_6 collision detected at time: 9260029, A write address: 0, B  read address: 0
blk_mem_gen_v8_3_6 collision detected at time: 9420013, A write address: 0, B  read address: 0
blk_mem_gen_v8_3_6 collision detected at time: 9579997, A write address: 0, B  read address: 0
blk_mem_gen_v8_3_6 collision detected at time: 9739981, A write address: 0, B  read address: 0
blk_mem_gen_v8_3_6 collision detected at time: 9899965, A write address: 0, B  read address: 0
blk_mem_gen_v8_3_6 collision detected at time: 10059949, A write address: 0, B  read address: 0
blk_mem_gen_v8_3_6 collision detected at time: 10219933, A write address: 0, B  read address: 0
blk_mem_gen_v8_3_6 collision detected at time: 10379917, A write address: 0, B  read address: 0
blk_mem_gen_v8_3_6 collision detected at time: 10539901, A write address: 0, B  read address: 0
blk_mem_gen_v8_3_6 collision detected at time: 10699885, A write address: 0, B  read address: 0
blk_mem_gen_v8_3_6 collision detected at time: 10859869, A write address: 0, B  read address: 0
blk_mem_gen_v8_3_6 collision detected at time: 11019853, A write address: 0, B  read address: 0
blk_mem_gen_v8_3_6 collision detected at time: 11179837, A write address: 0, B  read address: 0
blk_mem_gen_v8_3_6 collision detected at time: 11339821, A write address: 0, B  read address: 0
blk_mem_gen_v8_3_6 collision detected at time: 11499805, A write address: 0, B  read address: 0
blk_mem_gen_v8_3_6 collision detected at time: 11659789, A write address: 0, B  read address: 0
blk_mem_gen_v8_3_6 collision detected at time: 11819773, A write address: 0, B  read address: 0
blk_mem_gen_v8_3_6 collision detected at time: 11979757, A write address: 0, B  read address: 0
blk_mem_gen_v8_3_6 collision detected at time: 12139741, A write address: 0, B  read address: 0
blk_mem_gen_v8_3_6 collision detected at time: 12299725, A write address: 0, B  read address: 0
blk_mem_gen_v8_3_6 collision detected at time: 12459709, A write address: 0, B  read address: 0
blk_mem_gen_v8_3_6 collision detected at time: 12619693, A write address: 0, B  read address: 0
blk_mem_gen_v8_3_6 collision detected at time: 12779677, A write address: 0, B  read address: 0
blk_mem_gen_v8_3_6 collision detected at time: 12939661, A write address: 0, B  read address: 0
blk_mem_gen_v8_3_6 collision detected at time: 13099645, A write address: 0, B  read address: 0
blk_mem_gen_v8_3_6 collision detected at time: 13259629, A write address: 0, B  read address: 0
blk_mem_gen_v8_3_6 collision detected at time: 13419613, A write address: 0, B  read address: 0
blk_mem_gen_v8_3_6 collision detected at time: 13579597, A write address: 0, B  read address: 0
blk_mem_gen_v8_3_6 collision detected at time: 13739581, A write address: 0, B  read address: 0
blk_mem_gen_v8_3_6 collision detected at time: 13899565, A write address: 0, B  read address: 0
blk_mem_gen_v8_3_6 collision detected at time: 14059549, A write address: 0, B  read address: 0
blk_mem_gen_v8_3_6 collision detected at time: 14219533, A write address: 0, B  read address: 0
blk_mem_gen_v8_3_6 collision detected at time: 14379517, A write address: 0, B  read address: 0
blk_mem_gen_v8_3_6 collision detected at time: 14539501, A write address: 0, B  read address: 0
blk_mem_gen_v8_3_6 collision detected at time: 14699485, A write address: 0, B  read address: 0
blk_mem_gen_v8_3_6 collision detected at time: 14859469, A write address: 0, B  read address: 0
blk_mem_gen_v8_3_6 collision detected at time: 15019453, A write address: 0, B  read address: 0
blk_mem_gen_v8_3_6 collision detected at time: 15179437, A write address: 0, B  read address: 0
blk_mem_gen_v8_3_6 collision detected at time: 15339421, A write address: 0, B  read address: 0
blk_mem_gen_v8_3_6 collision detected at time: 15499405, A write address: 0, B  read address: 0
blk_mem_gen_v8_3_6 collision detected at time: 15659389, A write address: 0, B  read address: 0
blk_mem_gen_v8_3_6 collision detected at time: 15819373, A write address: 0, B  read address: 0
blk_mem_gen_v8_3_6 collision detected at time: 15979357, A write address: 0, B  read address: 0
blk_mem_gen_v8_3_6 collision detected at time: 16139341, A write address: 0, B  read address: 0
blk_mem_gen_v8_3_6 collision detected at time: 16299325, A write address: 0, B  read address: 0
blk_mem_gen_v8_3_6 collision detected at time: 16459309, A write address: 0, B  read address: 0
blk_mem_gen_v8_3_6 collision detected at time: 16619293, A write address: 0, B  read address: 0
blk_mem_gen_v8_3_6 collision detected at time: 16779277, A write address: 0, B  read address: 0
blk_mem_gen_v8_3_6 collision detected at time: 16939261, A write address: 0, B  read address: 0
blk_mem_gen_v8_3_6 collision detected at time: 17099245, A write address: 0, B  read address: 0
blk_mem_gen_v8_3_6 collision detected at time: 17259229, A write address: 0, B  read address: 0
blk_mem_gen_v8_3_6 collision detected at time: 17419213, A write address: 0, B  read address: 0
blk_mem_gen_v8_3_6 collision detected at time: 17579197, A write address: 0, B  read address: 0
blk_mem_gen_v8_3_6 collision detected at time: 17739181, A write address: 0, B  read address: 0
blk_mem_gen_v8_3_6 collision detected at time: 17899165, A write address: 0, B  read address: 0
blk_mem_gen_v8_3_6 collision detected at time: 18059149, A write address: 0, B  read address: 0
blk_mem_gen_v8_3_6 collision detected at time: 18219133, A write address: 0, B  read address: 0
blk_mem_gen_v8_3_6 collision detected at time: 18379117, A write address: 0, B  read address: 0
blk_mem_gen_v8_3_6 collision detected at time: 18539101, A write address: 0, B  read address: 0
blk_mem_gen_v8_3_6 collision detected at time: 18699085, A write address: 0, B  read address: 0
blk_mem_gen_v8_3_6 collision detected at time: 18859069, A write address: 0, B  read address: 0
blk_mem_gen_v8_3_6 collision detected at time: 19019053, A write address: 0, B  read address: 0
blk_mem_gen_v8_3_6 collision detected at time: 19179037, A write address: 0, B  read address: 0
blk_mem_gen_v8_3_6 collision detected at time: 19339021, A write address: 0, B  read address: 0
blk_mem_gen_v8_3_6 collision detected at time: 19499005, A write address: 0, B  read address: 0
blk_mem_gen_v8_3_6 collision detected at time: 19658989, A write address: 0, B  read address: 0
blk_mem_gen_v8_3_6 collision detected at time: 19818973, A write address: 0, B  read address: 0
blk_mem_gen_v8_3_6 collision detected at time: 19978957, A write address: 0, B  read address: 0
blk_mem_gen_v8_3_6 collision detected at time: 20138941, A write address: 0, B  read address: 0
blk_mem_gen_v8_3_6 collision detected at time: 20298925, A write address: 0, B  read address: 0
blk_mem_gen_v8_3_6 collision detected at time: 20458909, A write address: 0, B  read address: 0
blk_mem_gen_v8_3_6 collision detected at time: 20618893, A write address: 0, B  read address: 0
blk_mem_gen_v8_3_6 collision detected at time: 20778877, A write address: 0, B  read address: 0
blk_mem_gen_v8_3_6 collision detected at time: 20938861, A write address: 0, B  read address: 0
blk_mem_gen_v8_3_6 collision detected at time: 21098845, A write address: 0, B  read address: 0
blk_mem_gen_v8_3_6 collision detected at time: 21258829, A write address: 0, B  read address: 0
blk_mem_gen_v8_3_6 collision detected at time: 21418813, A write address: 0, B  read address: 0
blk_mem_gen_v8_3_6 collision detected at time: 21578797, A write address: 0, B  read address: 0
blk_mem_gen_v8_3_6 collision detected at time: 21738781, A write address: 0, B  read address: 0
blk_mem_gen_v8_3_6 collision detected at time: 21898765, A write address: 0, B  read address: 0
blk_mem_gen_v8_3_6 collision detected at time: 22058749, A write address: 0, B  read address: 0
blk_mem_gen_v8_3_6 collision detected at time: 22218733, A write address: 0, B  read address: 0
blk_mem_gen_v8_3_6 collision detected at time: 22378717, A write address: 0, B  read address: 0
blk_mem_gen_v8_3_6 collision detected at time: 22538701, A write address: 0, B  read address: 0
blk_mem_gen_v8_3_6 collision detected at time: 22698685, A write address: 0, B  read address: 0
blk_mem_gen_v8_3_6 collision detected at time: 22858669, A write address: 0, B  read address: 0
blk_mem_gen_v8_3_6 collision detected at time: 23018653, A write address: 0, B  read address: 0
blk_mem_gen_v8_3_6 collision detected at time: 23178637, A write address: 0, B  read address: 0
blk_mem_gen_v8_3_6 collision detected at time: 23338621, A write address: 0, B  read address: 0
blk_mem_gen_v8_3_6 collision detected at time: 23498605, A write address: 0, B  read address: 0
blk_mem_gen_v8_3_6 collision detected at time: 23658589, A write address: 0, B  read address: 0
blk_mem_gen_v8_3_6 collision detected at time: 23818573, A write address: 0, B  read address: 0
blk_mem_gen_v8_3_6 collision detected at time: 23978557, A write address: 0, B  read address: 0
blk_mem_gen_v8_3_6 collision detected at time: 24138541, A write address: 0, B  read address: 0
blk_mem_gen_v8_3_6 collision detected at time: 24298525, A write address: 0, B  read address: 0
blk_mem_gen_v8_3_6 collision detected at time: 24458509, A write address: 0, B  read address: 0
blk_mem_gen_v8_3_6 collision detected at time: 24618493, A write address: 0, B  read address: 0
blk_mem_gen_v8_3_6 collision detected at time: 24778477, A write address: 0, B  read address: 0
blk_mem_gen_v8_3_6 collision detected at time: 24938461, A write address: 0, B  read address: 0
blk_mem_gen_v8_3_6 collision detected at time: 25098445, A write address: 0, B  read address: 0
blk_mem_gen_v8_3_6 collision detected at time: 25258429, A write address: 0, B  read address: 0
blk_mem_gen_v8_3_6 collision detected at time: 25265095, A write address: 0, B  read address: 0
blk_mem_gen_v8_3_6 collision detected at time: 25418413, A write address: 0, B  read address: 0
blk_mem_gen_v8_3_6 collision detected at time: 25425079, A write address: 0, B  read address: 0
blk_mem_gen_v8_3_6 collision detected at time: 25578397, A write address: 0, B  read address: 0
blk_mem_gen_v8_3_6 collision detected at time: 25585063, A write address: 0, B  read address: 0
blk_mem_gen_v8_3_6 collision detected at time: 25738381, A write address: 0, B  read address: 0
blk_mem_gen_v8_3_6 collision detected at time: 25745047, A write address: 0, B  read address: 0
blk_mem_gen_v8_3_6 collision detected at time: 25898365, A write address: 0, B  read address: 0
blk_mem_gen_v8_3_6 collision detected at time: 25905031, A write address: 0, B  read address: 0
blk_mem_gen_v8_3_6 collision detected at time: 26058349, A write address: 0, B  read address: 0
blk_mem_gen_v8_3_6 collision detected at time: 26065015, A write address: 0, B  read address: 0
blk_mem_gen_v8_3_6 collision detected at time: 26218333, A write address: 0, B  read address: 0
blk_mem_gen_v8_3_6 collision detected at time: 26224999, A write address: 0, B  read address: 0
blk_mem_gen_v8_3_6 collision detected at time: 26378317, A write address: 0, B  read address: 0
blk_mem_gen_v8_3_6 collision detected at time: 26384983, A write address: 0, B  read address: 0
blk_mem_gen_v8_3_6 collision detected at time: 26538301, A write address: 0, B  read address: 0
blk_mem_gen_v8_3_6 collision detected at time: 26544967, A write address: 0, B  read address: 0
blk_mem_gen_v8_3_6 collision detected at time: 26698285, A write address: 0, B  read address: 0
blk_mem_gen_v8_3_6 collision detected at time: 26704951, A write address: 0, B  read address: 0
blk_mem_gen_v8_3_6 collision detected at time: 26858269, A write address: 0, B  read address: 0
blk_mem_gen_v8_3_6 collision detected at time: 26864935, A write address: 0, B  read address: 0
blk_mem_gen_v8_3_6 collision detected at time: 27018253, A write address: 0, B  read address: 0
blk_mem_gen_v8_3_6 collision detected at time: 27024919, A write address: 0, B  read address: 0
blk_mem_gen_v8_3_6 collision detected at time: 27178237, A write address: 0, B  read address: 0
blk_mem_gen_v8_3_6 collision detected at time: 27184903, A write address: 0, B  read address: 0
blk_mem_gen_v8_3_6 collision detected at time: 27338221, A write address: 0, B  read address: 0
blk_mem_gen_v8_3_6 collision detected at time: 27344887, A write address: 0, B  read address: 0
blk_mem_gen_v8_3_6 collision detected at time: 27498205, A write address: 0, B  read address: 0
blk_mem_gen_v8_3_6 collision detected at time: 27504871, A write address: 0, B  read address: 0
blk_mem_gen_v8_3_6 collision detected at time: 27658189, A write address: 0, B  read address: 0
blk_mem_gen_v8_3_6 collision detected at time: 27664855, A write address: 0, B  read address: 0
blk_mem_gen_v8_3_6 collision detected at time: 27818173, A write address: 0, B  read address: 0
blk_mem_gen_v8_3_6 collision detected at time: 27824839, A write address: 0, B  read address: 0
blk_mem_gen_v8_3_6 collision detected at time: 27978157, A write address: 0, B  read address: 0
blk_mem_gen_v8_3_6 collision detected at time: 27984823, A write address: 0, B  read address: 0
blk_mem_gen_v8_3_6 collision detected at time: 28138141, A write address: 0, B  read address: 0
blk_mem_gen_v8_3_6 collision detected at time: 28144807, A write address: 0, B  read address: 0
blk_mem_gen_v8_3_6 collision detected at time: 28298125, A write address: 0, B  read address: 0
blk_mem_gen_v8_3_6 collision detected at time: 28304791, A write address: 0, B  read address: 0
blk_mem_gen_v8_3_6 collision detected at time: 28458109, A write address: 0, B  read address: 0
blk_mem_gen_v8_3_6 collision detected at time: 28464775, A write address: 0, B  read address: 0
blk_mem_gen_v8_3_6 collision detected at time: 28618093, A write address: 0, B  read address: 0
blk_mem_gen_v8_3_6 collision detected at time: 28624759, A write address: 0, B  read address: 0
blk_mem_gen_v8_3_6 collision detected at time: 28778077, A write address: 0, B  read address: 0
blk_mem_gen_v8_3_6 collision detected at time: 28784743, A write address: 0, B  read address: 0
blk_mem_gen_v8_3_6 collision detected at time: 28938061, A write address: 0, B  read address: 0
blk_mem_gen_v8_3_6 collision detected at time: 28944727, A write address: 0, B  read address: 0
blk_mem_gen_v8_3_6 collision detected at time: 29098045, A write address: 0, B  read address: 0
blk_mem_gen_v8_3_6 collision detected at time: 29104711, A write address: 0, B  read address: 0
blk_mem_gen_v8_3_6 collision detected at time: 29258029, A write address: 0, B  read address: 0
blk_mem_gen_v8_3_6 collision detected at time: 29264695, A write address: 0, B  read address: 0
blk_mem_gen_v8_3_6 collision detected at time: 29418013, A write address: 0, B  read address: 0
blk_mem_gen_v8_3_6 collision detected at time: 29424679, A write address: 0, B  read address: 0
blk_mem_gen_v8_3_6 collision detected at time: 29577997, A write address: 0, B  read address: 0
blk_mem_gen_v8_3_6 collision detected at time: 29584663, A write address: 0, B  read address: 0
blk_mem_gen_v8_3_6 collision detected at time: 29737981, A write address: 0, B  read address: 0
blk_mem_gen_v8_3_6 collision detected at time: 29744647, A write address: 0, B  read address: 0
blk_mem_gen_v8_3_6 collision detected at time: 29897965, A write address: 0, B  read address: 0
blk_mem_gen_v8_3_6 collision detected at time: 29904631, A write address: 0, B  read address: 0
blk_mem_gen_v8_3_6 collision detected at time: 30057949, A write address: 0, B  read address: 0
blk_mem_gen_v8_3_6 collision detected at time: 30064615, A write address: 0, B  read address: 0
blk_mem_gen_v8_3_6 collision detected at time: 30217933, A write address: 0, B  read address: 0
blk_mem_gen_v8_3_6 collision detected at time: 30224599, A write address: 0, B  read address: 0
blk_mem_gen_v8_3_6 collision detected at time: 30377917, A write address: 0, B  read address: 0
blk_mem_gen_v8_3_6 collision detected at time: 30384583, A write address: 0, B  read address: 0
blk_mem_gen_v8_3_6 collision detected at time: 30537901, A write address: 0, B  read address: 0
blk_mem_gen_v8_3_6 collision detected at time: 30544567, A write address: 0, B  read address: 0
blk_mem_gen_v8_3_6 collision detected at time: 30697885, A write address: 0, B  read address: 0
blk_mem_gen_v8_3_6 collision detected at time: 30704551, A write address: 0, B  read address: 0
blk_mem_gen_v8_3_6 collision detected at time: 30857869, A write address: 0, B  read address: 0
blk_mem_gen_v8_3_6 collision detected at time: 30864535, A write address: 0, B  read address: 0
blk_mem_gen_v8_3_6 collision detected at time: 31017853, A write address: 0, B  read address: 0
blk_mem_gen_v8_3_6 collision detected at time: 31024519, A write address: 0, B  read address: 0
blk_mem_gen_v8_3_6 collision detected at time: 31177837, A write address: 0, B  read address: 0
blk_mem_gen_v8_3_6 collision detected at time: 31184503, A write address: 0, B  read address: 0
blk_mem_gen_v8_3_6 collision detected at time: 31337821, A write address: 0, B  read address: 0
blk_mem_gen_v8_3_6 collision detected at time: 31344487, A write address: 0, B  read address: 0
blk_mem_gen_v8_3_6 collision detected at time: 31497805, A write address: 0, B  read address: 0
blk_mem_gen_v8_3_6 collision detected at time: 31504471, A write address: 0, B  read address: 0
blk_mem_gen_v8_3_6 collision detected at time: 31657789, A write address: 0, B  read address: 0
blk_mem_gen_v8_3_6 collision detected at time: 31664455, A write address: 0, B  read address: 0
blk_mem_gen_v8_3_6 collision detected at time: 31817773, A write address: 0, B  read address: 0
blk_mem_gen_v8_3_6 collision detected at time: 31824439, A write address: 0, B  read address: 0
blk_mem_gen_v8_3_6 collision detected at time: 31977757, A write address: 0, B  read address: 0
blk_mem_gen_v8_3_6 collision detected at time: 31984423, A write address: 0, B  read address: 0
blk_mem_gen_v8_3_6 collision detected at time: 32137741, A write address: 0, B  read address: 0
blk_mem_gen_v8_3_6 collision detected at time: 32144407, A write address: 0, B  read address: 0
blk_mem_gen_v8_3_6 collision detected at time: 32297725, A write address: 0, B  read address: 0
blk_mem_gen_v8_3_6 collision detected at time: 32304391, A write address: 0, B  read address: 0
blk_mem_gen_v8_3_6 collision detected at time: 32457709, A write address: 0, B  read address: 0
blk_mem_gen_v8_3_6 collision detected at time: 32464375, A write address: 0, B  read address: 0
blk_mem_gen_v8_3_6 collision detected at time: 32617693, A write address: 0, B  read address: 0
blk_mem_gen_v8_3_6 collision detected at time: 32624359, A write address: 0, B  read address: 0
blk_mem_gen_v8_3_6 collision detected at time: 32777677, A write address: 0, B  read address: 0
blk_mem_gen_v8_3_6 collision detected at time: 32784343, A write address: 0, B  read address: 0
blk_mem_gen_v8_3_6 collision detected at time: 32937661, A write address: 0, B  read address: 0
blk_mem_gen_v8_3_6 collision detected at time: 32944327, A write address: 0, B  read address: 0
blk_mem_gen_v8_3_6 collision detected at time: 33097645, A write address: 0, B  read address: 0
blk_mem_gen_v8_3_6 collision detected at time: 33104311, A write address: 0, B  read address: 0
blk_mem_gen_v8_3_6 collision detected at time: 33257629, A write address: 0, B  read address: 0
blk_mem_gen_v8_3_6 collision detected at time: 33264295, A write address: 0, B  read address: 0
blk_mem_gen_v8_3_6 collision detected at time: 33417613, A write address: 0, B  read address: 0
blk_mem_gen_v8_3_6 collision detected at time: 33424279, A write address: 0, B  read address: 0
blk_mem_gen_v8_3_6 collision detected at time: 33577597, A write address: 0, B  read address: 0
blk_mem_gen_v8_3_6 collision detected at time: 33584263, A write address: 0, B  read address: 0
blk_mem_gen_v8_3_6 collision detected at time: 33737581, A write address: 0, B  read address: 0
blk_mem_gen_v8_3_6 collision detected at time: 33744247, A write address: 0, B  read address: 0
blk_mem_gen_v8_3_6 collision detected at time: 33897565, A write address: 0, B  read address: 0
blk_mem_gen_v8_3_6 collision detected at time: 33904231, A write address: 0, B  read address: 0
blk_mem_gen_v8_3_6 collision detected at time: 34057549, A write address: 0, B  read address: 0
blk_mem_gen_v8_3_6 collision detected at time: 34064215, A write address: 0, B  read address: 0
blk_mem_gen_v8_3_6 collision detected at time: 34217533, A write address: 0, B  read address: 0
blk_mem_gen_v8_3_6 collision detected at time: 34224199, A write address: 0, B  read address: 0
blk_mem_gen_v8_3_6 collision detected at time: 34377517, A write address: 0, B  read address: 0
blk_mem_gen_v8_3_6 collision detected at time: 34384183, A write address: 0, B  read address: 0
blk_mem_gen_v8_3_6 collision detected at time: 34537501, A write address: 0, B  read address: 0
blk_mem_gen_v8_3_6 collision detected at time: 34544167, A write address: 0, B  read address: 0
blk_mem_gen_v8_3_6 collision detected at time: 34697485, A write address: 0, B  read address: 0
blk_mem_gen_v8_3_6 collision detected at time: 34704151, A write address: 0, B  read address: 0
blk_mem_gen_v8_3_6 collision detected at time: 34857469, A write address: 0, B  read address: 0
blk_mem_gen_v8_3_6 collision detected at time: 34864135, A write address: 0, B  read address: 0
blk_mem_gen_v8_3_6 collision detected at time: 35017453, A write address: 0, B  read address: 0
blk_mem_gen_v8_3_6 collision detected at time: 35024119, A write address: 0, B  read address: 0
blk_mem_gen_v8_3_6 collision detected at time: 35177437, A write address: 0, B  read address: 0
blk_mem_gen_v8_3_6 collision detected at time: 35184103, A write address: 0, B  read address: 0
blk_mem_gen_v8_3_6 collision detected at time: 35337421, A write address: 0, B  read address: 0
blk_mem_gen_v8_3_6 collision detected at time: 35344087, A write address: 0, B  read address: 0
blk_mem_gen_v8_3_6 collision detected at time: 35497405, A write address: 0, B  read address: 0
blk_mem_gen_v8_3_6 collision detected at time: 35504071, A write address: 0, B  read address: 0
blk_mem_gen_v8_3_6 collision detected at time: 35657389, A write address: 0, B  read address: 0
blk_mem_gen_v8_3_6 collision detected at time: 35664055, A write address: 0, B  read address: 0
blk_mem_gen_v8_3_6 collision detected at time: 35817373, A write address: 0, B  read address: 0
blk_mem_gen_v8_3_6 collision detected at time: 35824039, A write address: 0, B  read address: 0
blk_mem_gen_v8_3_6 collision detected at time: 35977357, A write address: 0, B  read address: 0
blk_mem_gen_v8_3_6 collision detected at time: 35984023, A write address: 0, B  read address: 0
blk_mem_gen_v8_3_6 collision detected at time: 36137341, A write address: 0, B  read address: 0
blk_mem_gen_v8_3_6 collision detected at time: 36144007, A write address: 0, B  read address: 0
blk_mem_gen_v8_3_6 collision detected at time: 36297325, A write address: 0, B  read address: 0
blk_mem_gen_v8_3_6 collision detected at time: 36303991, A write address: 0, B  read address: 0
blk_mem_gen_v8_3_6 collision detected at time: 36457309, A write address: 0, B  read address: 0
blk_mem_gen_v8_3_6 collision detected at time: 36463975, A write address: 0, B  read address: 0
blk_mem_gen_v8_3_6 collision detected at time: 36617293, A write address: 0, B  read address: 0
blk_mem_gen_v8_3_6 collision detected at time: 36623959, A write address: 0, B  read address: 0
blk_mem_gen_v8_3_6 collision detected at time: 36777277, A write address: 0, B  read address: 0
blk_mem_gen_v8_3_6 collision detected at time: 36783943, A write address: 0, B  read address: 0
blk_mem_gen_v8_3_6 collision detected at time: 36937261, A write address: 0, B  read address: 0
blk_mem_gen_v8_3_6 collision detected at time: 36943927, A write address: 0, B  read address: 0
blk_mem_gen_v8_3_6 collision detected at time: 37097245, A write address: 0, B  read address: 0
blk_mem_gen_v8_3_6 collision detected at time: 37103911, A write address: 0, B  read address: 0
blk_mem_gen_v8_3_6 collision detected at time: 37257229, A write address: 0, B  read address: 0
blk_mem_gen_v8_3_6 collision detected at time: 37263895, A write address: 0, B  read address: 0
blk_mem_gen_v8_3_6 collision detected at time: 37417213, A write address: 0, B  read address: 0
blk_mem_gen_v8_3_6 collision detected at time: 37423879, A write address: 0, B  read address: 0
blk_mem_gen_v8_3_6 collision detected at time: 37577197, A write address: 0, B  read address: 0
blk_mem_gen_v8_3_6 collision detected at time: 37583863, A write address: 0, B  read address: 0
blk_mem_gen_v8_3_6 collision detected at time: 37737181, A write address: 0, B  read address: 0
blk_mem_gen_v8_3_6 collision detected at time: 37743847, A write address: 0, B  read address: 0
blk_mem_gen_v8_3_6 collision detected at time: 37897165, A write address: 0, B  read address: 0
blk_mem_gen_v8_3_6 collision detected at time: 37903831, A write address: 0, B  read address: 0
blk_mem_gen_v8_3_6 collision detected at time: 38057149, A write address: 0, B  read address: 0
blk_mem_gen_v8_3_6 collision detected at time: 38063815, A write address: 0, B  read address: 0
blk_mem_gen_v8_3_6 collision detected at time: 38217133, A write address: 0, B  read address: 0
blk_mem_gen_v8_3_6 collision detected at time: 38223799, A write address: 0, B  read address: 0
blk_mem_gen_v8_3_6 collision detected at time: 38377117, A write address: 0, B  read address: 0
blk_mem_gen_v8_3_6 collision detected at time: 38383783, A write address: 0, B  read address: 0
blk_mem_gen_v8_3_6 collision detected at time: 38537101, A write address: 0, B  read address: 0
blk_mem_gen_v8_3_6 collision detected at time: 38543767, A write address: 0, B  read address: 0
blk_mem_gen_v8_3_6 collision detected at time: 38697085, A write address: 0, B  read address: 0
blk_mem_gen_v8_3_6 collision detected at time: 38703751, A write address: 0, B  read address: 0
blk_mem_gen_v8_3_6 collision detected at time: 38857069, A write address: 0, B  read address: 0
blk_mem_gen_v8_3_6 collision detected at time: 38863735, A write address: 0, B  read address: 0
blk_mem_gen_v8_3_6 collision detected at time: 39017053, A write address: 0, B  read address: 0
blk_mem_gen_v8_3_6 collision detected at time: 39023719, A write address: 0, B  read address: 0
blk_mem_gen_v8_3_6 collision detected at time: 39177037, A write address: 0, B  read address: 0
blk_mem_gen_v8_3_6 collision detected at time: 39183703, A write address: 0, B  read address: 0
blk_mem_gen_v8_3_6 collision detected at time: 39337021, A write address: 0, B  read address: 0
blk_mem_gen_v8_3_6 collision detected at time: 39343687, A write address: 0, B  read address: 0
blk_mem_gen_v8_3_6 collision detected at time: 39497005, A write address: 0, B  read address: 0
blk_mem_gen_v8_3_6 collision detected at time: 39503671, A write address: 0, B  read address: 0
blk_mem_gen_v8_3_6 collision detected at time: 39656989, A write address: 0, B  read address: 0
blk_mem_gen_v8_3_6 collision detected at time: 39663655, A write address: 0, B  read address: 0
blk_mem_gen_v8_3_6 collision detected at time: 39816973, A write address: 0, B  read address: 0
blk_mem_gen_v8_3_6 collision detected at time: 39823639, A write address: 0, B  read address: 0
blk_mem_gen_v8_3_6 collision detected at time: 39976957, A write address: 0, B  read address: 0
blk_mem_gen_v8_3_6 collision detected at time: 39983623, A write address: 0, B  read address: 0
blk_mem_gen_v8_3_6 collision detected at time: 40136941, A write address: 0, B  read address: 0
blk_mem_gen_v8_3_6 collision detected at time: 40143607, A write address: 0, B  read address: 0
blk_mem_gen_v8_3_6 collision detected at time: 40296925, A write address: 0, B  read address: 0
blk_mem_gen_v8_3_6 collision detected at time: 40303591, A write address: 0, B  read address: 0
blk_mem_gen_v8_3_6 collision detected at time: 40456909, A write address: 0, B  read address: 0
blk_mem_gen_v8_3_6 collision detected at time: 40463575, A write address: 0, B  read address: 0
blk_mem_gen_v8_3_6 collision detected at time: 40616893, A write address: 0, B  read address: 0
blk_mem_gen_v8_3_6 collision detected at time: 40623559, A write address: 0, B  read address: 0
blk_mem_gen_v8_3_6 collision detected at time: 40776877, A write address: 0, B  read address: 0
blk_mem_gen_v8_3_6 collision detected at time: 40783543, A write address: 0, B  read address: 0
blk_mem_gen_v8_3_6 collision detected at time: 40936861, A write address: 0, B  read address: 0
blk_mem_gen_v8_3_6 collision detected at time: 40943527, A write address: 0, B  read address: 0
blk_mem_gen_v8_3_6 collision detected at time: 41096845, A write address: 0, B  read address: 0
blk_mem_gen_v8_3_6 collision detected at time: 41103511, A write address: 0, B  read address: 0
blk_mem_gen_v8_3_6 collision detected at time: 41256829, A write address: 0, B  read address: 0
blk_mem_gen_v8_3_6 collision detected at time: 41263495, A write address: 0, B  read address: 0
blk_mem_gen_v8_3_6 collision detected at time: 41416813, A write address: 0, B  read address: 0
blk_mem_gen_v8_3_6 collision detected at time: 41423479, A write address: 0, B  read address: 0
blk_mem_gen_v8_3_6 collision detected at time: 41576797, A write address: 0, B  read address: 0
blk_mem_gen_v8_3_6 collision detected at time: 41583463, A write address: 0, B  read address: 0
blk_mem_gen_v8_3_6 collision detected at time: 41736781, A write address: 0, B  read address: 0
blk_mem_gen_v8_3_6 collision detected at time: 41743447, A write address: 0, B  read address: 0
blk_mem_gen_v8_3_6 collision detected at time: 41896765, A write address: 0, B  read address: 0
blk_mem_gen_v8_3_6 collision detected at time: 41903431, A write address: 0, B  read address: 0
blk_mem_gen_v8_3_6 collision detected at time: 42056749, A write address: 0, B  read address: 0
blk_mem_gen_v8_3_6 collision detected at time: 42063415, A write address: 0, B  read address: 0
blk_mem_gen_v8_3_6 collision detected at time: 42216733, A write address: 0, B  read address: 0
blk_mem_gen_v8_3_6 collision detected at time: 42223399, A write address: 0, B  read address: 0
blk_mem_gen_v8_3_6 collision detected at time: 42376717, A write address: 0, B  read address: 0
blk_mem_gen_v8_3_6 collision detected at time: 42383383, A write address: 0, B  read address: 0
blk_mem_gen_v8_3_6 collision detected at time: 42536701, A write address: 0, B  read address: 0
blk_mem_gen_v8_3_6 collision detected at time: 42543367, A write address: 0, B  read address: 0
blk_mem_gen_v8_3_6 collision detected at time: 42696685, A write address: 0, B  read address: 0
blk_mem_gen_v8_3_6 collision detected at time: 42703351, A write address: 0, B  read address: 0
blk_mem_gen_v8_3_6 collision detected at time: 42856669, A write address: 0, B  read address: 0
blk_mem_gen_v8_3_6 collision detected at time: 42863335, A write address: 0, B  read address: 0
blk_mem_gen_v8_3_6 collision detected at time: 43016653, A write address: 0, B  read address: 0
blk_mem_gen_v8_3_6 collision detected at time: 43023319, A write address: 0, B  read address: 0
blk_mem_gen_v8_3_6 collision detected at time: 43176637, A write address: 0, B  read address: 0
blk_mem_gen_v8_3_6 collision detected at time: 43183303, A write address: 0, B  read address: 0
blk_mem_gen_v8_3_6 collision detected at time: 43336621, A write address: 0, B  read address: 0
blk_mem_gen_v8_3_6 collision detected at time: 43343287, A write address: 0, B  read address: 0
blk_mem_gen_v8_3_6 collision detected at time: 43496605, A write address: 0, B  read address: 0
blk_mem_gen_v8_3_6 collision detected at time: 43503271, A write address: 0, B  read address: 0
blk_mem_gen_v8_3_6 collision detected at time: 43656589, A write address: 0, B  read address: 0
blk_mem_gen_v8_3_6 collision detected at time: 43663255, A write address: 0, B  read address: 0
blk_mem_gen_v8_3_6 collision detected at time: 43816573, A write address: 0, B  read address: 0
blk_mem_gen_v8_3_6 collision detected at time: 43823239, A write address: 0, B  read address: 0
blk_mem_gen_v8_3_6 collision detected at time: 43976557, A write address: 0, B  read address: 0
blk_mem_gen_v8_3_6 collision detected at time: 43983223, A write address: 0, B  read address: 0
blk_mem_gen_v8_3_6 collision detected at time: 44136541, A write address: 0, B  read address: 0
blk_mem_gen_v8_3_6 collision detected at time: 44143207, A write address: 0, B  read address: 0
blk_mem_gen_v8_3_6 collision detected at time: 44296525, A write address: 0, B  read address: 0
blk_mem_gen_v8_3_6 collision detected at time: 44303191, A write address: 0, B  read address: 0
blk_mem_gen_v8_3_6 collision detected at time: 44456509, A write address: 0, B  read address: 0
blk_mem_gen_v8_3_6 collision detected at time: 44463175, A write address: 0, B  read address: 0
blk_mem_gen_v8_3_6 collision detected at time: 44616493, A write address: 0, B  read address: 0
blk_mem_gen_v8_3_6 collision detected at time: 44623159, A write address: 0, B  read address: 0
blk_mem_gen_v8_3_6 collision detected at time: 44776477, A write address: 0, B  read address: 0
blk_mem_gen_v8_3_6 collision detected at time: 44783143, A write address: 0, B  read address: 0
blk_mem_gen_v8_3_6 collision detected at time: 44936461, A write address: 0, B  read address: 0
blk_mem_gen_v8_3_6 collision detected at time: 44943127, A write address: 0, B  read address: 0
blk_mem_gen_v8_3_6 collision detected at time: 45096445, A write address: 0, B  read address: 0
blk_mem_gen_v8_3_6 collision detected at time: 45103111, A write address: 0, B  read address: 0
blk_mem_gen_v8_3_6 collision detected at time: 45256429, A write address: 0, B  read address: 0
blk_mem_gen_v8_3_6 collision detected at time: 45263095, A write address: 0, B  read address: 0
blk_mem_gen_v8_3_6 collision detected at time: 45416413, A write address: 0, B  read address: 0
blk_mem_gen_v8_3_6 collision detected at time: 45423079, A write address: 0, B  read address: 0
blk_mem_gen_v8_3_6 collision detected at time: 45576397, A write address: 0, B  read address: 0
blk_mem_gen_v8_3_6 collision detected at time: 45583063, A write address: 0, B  read address: 0
blk_mem_gen_v8_3_6 collision detected at time: 45736381, A write address: 0, B  read address: 0
blk_mem_gen_v8_3_6 collision detected at time: 45743047, A write address: 0, B  read address: 0
blk_mem_gen_v8_3_6 collision detected at time: 45896365, A write address: 0, B  read address: 0
blk_mem_gen_v8_3_6 collision detected at time: 45903031, A write address: 0, B  read address: 0
blk_mem_gen_v8_3_6 collision detected at time: 46056349, A write address: 0, B  read address: 0
blk_mem_gen_v8_3_6 collision detected at time: 46063015, A write address: 0, B  read address: 0
blk_mem_gen_v8_3_6 collision detected at time: 46216333, A write address: 0, B  read address: 0
blk_mem_gen_v8_3_6 collision detected at time: 46222999, A write address: 0, B  read address: 0
blk_mem_gen_v8_3_6 collision detected at time: 46376317, A write address: 0, B  read address: 0
blk_mem_gen_v8_3_6 collision detected at time: 46382983, A write address: 0, B  read address: 0
blk_mem_gen_v8_3_6 collision detected at time: 46536301, A write address: 0, B  read address: 0
blk_mem_gen_v8_3_6 collision detected at time: 46542967, A write address: 0, B  read address: 0
blk_mem_gen_v8_3_6 collision detected at time: 46696285, A write address: 0, B  read address: 0
blk_mem_gen_v8_3_6 collision detected at time: 46702951, A write address: 0, B  read address: 0
blk_mem_gen_v8_3_6 collision detected at time: 46856269, A write address: 0, B  read address: 0
blk_mem_gen_v8_3_6 collision detected at time: 46862935, A write address: 0, B  read address: 0
blk_mem_gen_v8_3_6 collision detected at time: 47016253, A write address: 0, B  read address: 0
blk_mem_gen_v8_3_6 collision detected at time: 47022919, A write address: 0, B  read address: 0
blk_mem_gen_v8_3_6 collision detected at time: 47176237, A write address: 0, B  read address: 0
blk_mem_gen_v8_3_6 collision detected at time: 47182903, A write address: 0, B  read address: 0
blk_mem_gen_v8_3_6 collision detected at time: 47336221, A write address: 0, B  read address: 0
blk_mem_gen_v8_3_6 collision detected at time: 47342887, A write address: 0, B  read address: 0
blk_mem_gen_v8_3_6 collision detected at time: 47496205, A write address: 0, B  read address: 0
blk_mem_gen_v8_3_6 collision detected at time: 47502871, A write address: 0, B  read address: 0
blk_mem_gen_v8_3_6 collision detected at time: 47656189, A write address: 0, B  read address: 0
blk_mem_gen_v8_3_6 collision detected at time: 47662855, A write address: 0, B  read address: 0
blk_mem_gen_v8_3_6 collision detected at time: 47816173, A write address: 0, B  read address: 0
blk_mem_gen_v8_3_6 collision detected at time: 47822839, A write address: 0, B  read address: 0
blk_mem_gen_v8_3_6 collision detected at time: 47976157, A write address: 0, B  read address: 0
blk_mem_gen_v8_3_6 collision detected at time: 47982823, A write address: 0, B  read address: 0
blk_mem_gen_v8_3_6 collision detected at time: 48136141, A write address: 0, B  read address: 0
blk_mem_gen_v8_3_6 collision detected at time: 48142807, A write address: 0, B  read address: 0
blk_mem_gen_v8_3_6 collision detected at time: 48296125, A write address: 0, B  read address: 0
blk_mem_gen_v8_3_6 collision detected at time: 48302791, A write address: 0, B  read address: 0
blk_mem_gen_v8_3_6 collision detected at time: 48456109, A write address: 0, B  read address: 0
blk_mem_gen_v8_3_6 collision detected at time: 48462775, A write address: 0, B  read address: 0
blk_mem_gen_v8_3_6 collision detected at time: 48616093, A write address: 0, B  read address: 0
blk_mem_gen_v8_3_6 collision detected at time: 48622759, A write address: 0, B  read address: 0
blk_mem_gen_v8_3_6 collision detected at time: 48776077, A write address: 0, B  read address: 0
blk_mem_gen_v8_3_6 collision detected at time: 48782743, A write address: 0, B  read address: 0
blk_mem_gen_v8_3_6 collision detected at time: 48936061, A write address: 0, B  read address: 0
blk_mem_gen_v8_3_6 collision detected at time: 48942727, A write address: 0, B  read address: 0
blk_mem_gen_v8_3_6 collision detected at time: 49096045, A write address: 0, B  read address: 0
blk_mem_gen_v8_3_6 collision detected at time: 49102711, A write address: 0, B  read address: 0
blk_mem_gen_v8_3_6 collision detected at time: 49256029, A write address: 0, B  read address: 0
blk_mem_gen_v8_3_6 collision detected at time: 49262695, A write address: 0, B  read address: 0
blk_mem_gen_v8_3_6 collision detected at time: 49416013, A write address: 0, B  read address: 0
blk_mem_gen_v8_3_6 collision detected at time: 49422679, A write address: 0, B  read address: 0
blk_mem_gen_v8_3_6 collision detected at time: 49575997, A write address: 0, B  read address: 0
blk_mem_gen_v8_3_6 collision detected at time: 49582663, A write address: 0, B  read address: 0
blk_mem_gen_v8_3_6 collision detected at time: 49735981, A write address: 0, B  read address: 0
blk_mem_gen_v8_3_6 collision detected at time: 49742647, A write address: 0, B  read address: 0
blk_mem_gen_v8_3_6 collision detected at time: 49895965, A write address: 0, B  read address: 0
blk_mem_gen_v8_3_6 collision detected at time: 49902631, A write address: 0, B  read address: 0
blk_mem_gen_v8_3_6 collision detected at time: 50055949, A write address: 0, B  read address: 0
blk_mem_gen_v8_3_6 collision detected at time: 50062615, A write address: 0, B  read address: 0
blk_mem_gen_v8_3_6 collision detected at time: 50215933, A write address: 0, B  read address: 0
blk_mem_gen_v8_3_6 collision detected at time: 50222599, A write address: 0, B  read address: 0
blk_mem_gen_v8_3_6 collision detected at time: 50375917, A write address: 0, B  read address: 0
blk_mem_gen_v8_3_6 collision detected at time: 50382583, A write address: 0, B  read address: 0
blk_mem_gen_v8_3_6 collision detected at time: 50535901, A write address: 0, B  read address: 0
blk_mem_gen_v8_3_6 collision detected at time: 50542567, A write address: 0, B  read address: 0
blk_mem_gen_v8_3_6 collision detected at time: 50695885, A write address: 0, B  read address: 0
blk_mem_gen_v8_3_6 collision detected at time: 50702551, A write address: 0, B  read address: 0
blk_mem_gen_v8_3_6 collision detected at time: 50855869, A write address: 0, B  read address: 0
blk_mem_gen_v8_3_6 collision detected at time: 50862535, A write address: 0, B  read address: 0
blk_mem_gen_v8_3_6 collision detected at time: 51015853, A write address: 0, B  read address: 0
blk_mem_gen_v8_3_6 collision detected at time: 51022519, A write address: 0, B  read address: 0
blk_mem_gen_v8_3_6 collision detected at time: 51175837, A write address: 0, B  read address: 0
blk_mem_gen_v8_3_6 collision detected at time: 51182503, A write address: 0, B  read address: 0
blk_mem_gen_v8_3_6 collision detected at time: 51335821, A write address: 0, B  read address: 0
blk_mem_gen_v8_3_6 collision detected at time: 51342487, A write address: 0, B  read address: 0
blk_mem_gen_v8_3_6 collision detected at time: 51495805, A write address: 0, B  read address: 0
blk_mem_gen_v8_3_6 collision detected at time: 51502471, A write address: 0, B  read address: 0
blk_mem_gen_v8_3_6 collision detected at time: 51655789, A write address: 0, B  read address: 0
blk_mem_gen_v8_3_6 collision detected at time: 51662455, A write address: 0, B  read address: 0
blk_mem_gen_v8_3_6 collision detected at time: 51815773, A write address: 0, B  read address: 0
blk_mem_gen_v8_3_6 collision detected at time: 51822439, A write address: 0, B  read address: 0
blk_mem_gen_v8_3_6 collision detected at time: 51975757, A write address: 0, B  read address: 0
blk_mem_gen_v8_3_6 collision detected at time: 51982423, A write address: 0, B  read address: 0
blk_mem_gen_v8_3_6 collision detected at time: 52135741, A write address: 0, B  read address: 0
blk_mem_gen_v8_3_6 collision detected at time: 52142407, A write address: 0, B  read address: 0
blk_mem_gen_v8_3_6 collision detected at time: 52295725, A write address: 0, B  read address: 0
blk_mem_gen_v8_3_6 collision detected at time: 52302391, A write address: 0, B  read address: 0
blk_mem_gen_v8_3_6 collision detected at time: 52455709, A write address: 0, B  read address: 0
blk_mem_gen_v8_3_6 collision detected at time: 52462375, A write address: 0, B  read address: 0
blk_mem_gen_v8_3_6 collision detected at time: 52615693, A write address: 0, B  read address: 0
blk_mem_gen_v8_3_6 collision detected at time: 52622359, A write address: 0, B  read address: 0
blk_mem_gen_v8_3_6 collision detected at time: 52775677, A write address: 0, B  read address: 0
blk_mem_gen_v8_3_6 collision detected at time: 52782343, A write address: 0, B  read address: 0
blk_mem_gen_v8_3_6 collision detected at time: 52935661, A write address: 0, B  read address: 0
blk_mem_gen_v8_3_6 collision detected at time: 52942327, A write address: 0, B  read address: 0
blk_mem_gen_v8_3_6 collision detected at time: 53095645, A write address: 0, B  read address: 0
blk_mem_gen_v8_3_6 collision detected at time: 53102311, A write address: 0, B  read address: 0
blk_mem_gen_v8_3_6 collision detected at time: 53255629, A write address: 0, B  read address: 0
blk_mem_gen_v8_3_6 collision detected at time: 53262295, A write address: 0, B  read address: 0
blk_mem_gen_v8_3_6 collision detected at time: 53415613, A write address: 0, B  read address: 0
blk_mem_gen_v8_3_6 collision detected at time: 53422279, A write address: 0, B  read address: 0
blk_mem_gen_v8_3_6 collision detected at time: 53575597, A write address: 0, B  read address: 0
blk_mem_gen_v8_3_6 collision detected at time: 53582263, A write address: 0, B  read address: 0
blk_mem_gen_v8_3_6 collision detected at time: 53735581, A write address: 0, B  read address: 0
blk_mem_gen_v8_3_6 collision detected at time: 53742247, A write address: 0, B  read address: 0
blk_mem_gen_v8_3_6 collision detected at time: 53895565, A write address: 0, B  read address: 0
blk_mem_gen_v8_3_6 collision detected at time: 53902231, A write address: 0, B  read address: 0
blk_mem_gen_v8_3_6 collision detected at time: 54055549, A write address: 0, B  read address: 0
blk_mem_gen_v8_3_6 collision detected at time: 54062215, A write address: 0, B  read address: 0
blk_mem_gen_v8_3_6 collision detected at time: 54215533, A write address: 0, B  read address: 0
blk_mem_gen_v8_3_6 collision detected at time: 54222199, A write address: 0, B  read address: 0
blk_mem_gen_v8_3_6 collision detected at time: 54375517, A write address: 0, B  read address: 0
blk_mem_gen_v8_3_6 collision detected at time: 54382183, A write address: 0, B  read address: 0
blk_mem_gen_v8_3_6 collision detected at time: 54535501, A write address: 0, B  read address: 0
blk_mem_gen_v8_3_6 collision detected at time: 54542167, A write address: 0, B  read address: 0
blk_mem_gen_v8_3_6 collision detected at time: 54695485, A write address: 0, B  read address: 0
blk_mem_gen_v8_3_6 collision detected at time: 54702151, A write address: 0, B  read address: 0
blk_mem_gen_v8_3_6 collision detected at time: 54855469, A write address: 0, B  read address: 0
blk_mem_gen_v8_3_6 collision detected at time: 54862135, A write address: 0, B  read address: 0
blk_mem_gen_v8_3_6 collision detected at time: 55015453, A write address: 0, B  read address: 0
blk_mem_gen_v8_3_6 collision detected at time: 55022119, A write address: 0, B  read address: 0
blk_mem_gen_v8_3_6 collision detected at time: 55175437, A write address: 0, B  read address: 0
blk_mem_gen_v8_3_6 collision detected at time: 55182103, A write address: 0, B  read address: 0
blk_mem_gen_v8_3_6 collision detected at time: 55335421, A write address: 0, B  read address: 0
blk_mem_gen_v8_3_6 collision detected at time: 55342087, A write address: 0, B  read address: 0
blk_mem_gen_v8_3_6 collision detected at time: 55495405, A write address: 0, B  read address: 0
blk_mem_gen_v8_3_6 collision detected at time: 55502071, A write address: 0, B  read address: 0
blk_mem_gen_v8_3_6 collision detected at time: 55655389, A write address: 0, B  read address: 0
blk_mem_gen_v8_3_6 collision detected at time: 55662055, A write address: 0, B  read address: 0
blk_mem_gen_v8_3_6 collision detected at time: 55815373, A write address: 0, B  read address: 0
blk_mem_gen_v8_3_6 collision detected at time: 55822039, A write address: 0, B  read address: 0
blk_mem_gen_v8_3_6 collision detected at time: 55975357, A write address: 0, B  read address: 0
blk_mem_gen_v8_3_6 collision detected at time: 55982023, A write address: 0, B  read address: 0
blk_mem_gen_v8_3_6 collision detected at time: 56135341, A write address: 0, B  read address: 0
blk_mem_gen_v8_3_6 collision detected at time: 56142007, A write address: 0, B  read address: 0
blk_mem_gen_v8_3_6 collision detected at time: 56295325, A write address: 0, B  read address: 0
blk_mem_gen_v8_3_6 collision detected at time: 56301991, A write address: 0, B  read address: 0
blk_mem_gen_v8_3_6 collision detected at time: 56455309, A write address: 0, B  read address: 0
blk_mem_gen_v8_3_6 collision detected at time: 56461975, A write address: 0, B  read address: 0
blk_mem_gen_v8_3_6 collision detected at time: 56615293, A write address: 0, B  read address: 0
blk_mem_gen_v8_3_6 collision detected at time: 56621959, A write address: 0, B  read address: 0
blk_mem_gen_v8_3_6 collision detected at time: 56775277, A write address: 0, B  read address: 0
blk_mem_gen_v8_3_6 collision detected at time: 56781943, A write address: 0, B  read address: 0
blk_mem_gen_v8_3_6 collision detected at time: 56935261, A write address: 0, B  read address: 0
blk_mem_gen_v8_3_6 collision detected at time: 56941927, A write address: 0, B  read address: 0
blk_mem_gen_v8_3_6 collision detected at time: 57095245, A write address: 0, B  read address: 0
blk_mem_gen_v8_3_6 collision detected at time: 57101911, A write address: 0, B  read address: 0
blk_mem_gen_v8_3_6 collision detected at time: 57255229, A write address: 0, B  read address: 0
blk_mem_gen_v8_3_6 collision detected at time: 57261895, A write address: 0, B  read address: 0
blk_mem_gen_v8_3_6 collision detected at time: 57415213, A write address: 0, B  read address: 0
blk_mem_gen_v8_3_6 collision detected at time: 57421879, A write address: 0, B  read address: 0
blk_mem_gen_v8_3_6 collision detected at time: 57575197, A write address: 0, B  read address: 0
blk_mem_gen_v8_3_6 collision detected at time: 57581863, A write address: 0, B  read address: 0
blk_mem_gen_v8_3_6 collision detected at time: 57735181, A write address: 0, B  read address: 0
blk_mem_gen_v8_3_6 collision detected at time: 57741847, A write address: 0, B  read address: 0
blk_mem_gen_v8_3_6 collision detected at time: 57895165, A write address: 0, B  read address: 0
blk_mem_gen_v8_3_6 collision detected at time: 57901831, A write address: 0, B  read address: 0
blk_mem_gen_v8_3_6 collision detected at time: 58055149, A write address: 0, B  read address: 0
blk_mem_gen_v8_3_6 collision detected at time: 58061815, A write address: 0, B  read address: 0
blk_mem_gen_v8_3_6 collision detected at time: 58215133, A write address: 0, B  read address: 0
blk_mem_gen_v8_3_6 collision detected at time: 58221799, A write address: 0, B  read address: 0
blk_mem_gen_v8_3_6 collision detected at time: 58375117, A write address: 0, B  read address: 0
blk_mem_gen_v8_3_6 collision detected at time: 58381783, A write address: 0, B  read address: 0
blk_mem_gen_v8_3_6 collision detected at time: 58535101, A write address: 0, B  read address: 0
blk_mem_gen_v8_3_6 collision detected at time: 58541767, A write address: 0, B  read address: 0
blk_mem_gen_v8_3_6 collision detected at time: 58695085, A write address: 0, B  read address: 0
blk_mem_gen_v8_3_6 collision detected at time: 58701751, A write address: 0, B  read address: 0
blk_mem_gen_v8_3_6 collision detected at time: 58855069, A write address: 0, B  read address: 0
blk_mem_gen_v8_3_6 collision detected at time: 58861735, A write address: 0, B  read address: 0
blk_mem_gen_v8_3_6 collision detected at time: 59015053, A write address: 0, B  read address: 0
blk_mem_gen_v8_3_6 collision detected at time: 59021719, A write address: 0, B  read address: 0
blk_mem_gen_v8_3_6 collision detected at time: 59175037, A write address: 0, B  read address: 0
blk_mem_gen_v8_3_6 collision detected at time: 59181703, A write address: 0, B  read address: 0
blk_mem_gen_v8_3_6 collision detected at time: 59335021, A write address: 0, B  read address: 0
blk_mem_gen_v8_3_6 collision detected at time: 59341687, A write address: 0, B  read address: 0
blk_mem_gen_v8_3_6 collision detected at time: 59495005, A write address: 0, B  read address: 0
blk_mem_gen_v8_3_6 collision detected at time: 59501671, A write address: 0, B  read address: 0
blk_mem_gen_v8_3_6 collision detected at time: 59661655, A write address: 0, B  read address: 0
blk_mem_gen_v8_3_6 collision detected at time: 59821639, A write address: 0, B  read address: 0
blk_mem_gen_v8_3_6 collision detected at time: 59981623, A write address: 0, B  read address: 0
blk_mem_gen_v8_3_6 collision detected at time: 60141607, A write address: 0, B  read address: 0
blk_mem_gen_v8_3_6 collision detected at time: 60301591, A write address: 0, B  read address: 0
blk_mem_gen_v8_3_6 collision detected at time: 60461575, A write address: 0, B  read address: 0
blk_mem_gen_v8_3_6 collision detected at time: 60621559, A write address: 0, B  read address: 0
blk_mem_gen_v8_3_6 collision detected at time: 60781543, A write address: 0, B  read address: 0
blk_mem_gen_v8_3_6 collision detected at time: 60941527, A write address: 0, B  read address: 0
blk_mem_gen_v8_3_6 collision detected at time: 61101511, A write address: 0, B  read address: 0
blk_mem_gen_v8_3_6 collision detected at time: 61261495, A write address: 0, B  read address: 0
blk_mem_gen_v8_3_6 collision detected at time: 61421479, A write address: 0, B  read address: 0
blk_mem_gen_v8_3_6 collision detected at time: 61581463, A write address: 0, B  read address: 0
blk_mem_gen_v8_3_6 collision detected at time: 61741447, A write address: 0, B  read address: 0
blk_mem_gen_v8_3_6 collision detected at time: 61901431, A write address: 0, B  read address: 0
blk_mem_gen_v8_3_6 collision detected at time: 62061415, A write address: 0, B  read address: 0
blk_mem_gen_v8_3_6 collision detected at time: 62221399, A write address: 0, B  read address: 0
blk_mem_gen_v8_3_6 collision detected at time: 62381383, A write address: 0, B  read address: 0
blk_mem_gen_v8_3_6 collision detected at time: 62541367, A write address: 0, B  read address: 0
blk_mem_gen_v8_3_6 collision detected at time: 62701351, A write address: 0, B  read address: 0
blk_mem_gen_v8_3_6 collision detected at time: 62861335, A write address: 0, B  read address: 0
blk_mem_gen_v8_3_6 collision detected at time: 63021319, A write address: 0, B  read address: 0
blk_mem_gen_v8_3_6 collision detected at time: 63181303, A write address: 0, B  read address: 0
blk_mem_gen_v8_3_6 collision detected at time: 63341287, A write address: 0, B  read address: 0
blk_mem_gen_v8_3_6 collision detected at time: 63501271, A write address: 0, B  read address: 0
blk_mem_gen_v8_3_6 collision detected at time: 63661255, A write address: 0, B  read address: 0
blk_mem_gen_v8_3_6 collision detected at time: 63821239, A write address: 0, B  read address: 0
blk_mem_gen_v8_3_6 collision detected at time: 63981319, A write address: 0, B  read address: 0
blk_mem_gen_v8_3_6 collision detected at time: 64141207, A write address: 0, B  read address: 0
blk_mem_gen_v8_3_6 collision detected at time: 64301127, A write address: 0, B  read address: 0
blk_mem_gen_v8_3_6 collision detected at time: 64461271, A write address: 0, B  read address: 0
blk_mem_gen_v8_3_6 collision detected at time: 64621191, A write address: 0, B  read address: 0
blk_mem_gen_v8_3_6 collision detected at time: 64781079, A write address: 0, B  read address: 0
blk_mem_gen_v8_3_6 collision detected at time: 64941159, A write address: 0, B  read address: 0
blk_mem_gen_v8_3_6 collision detected at time: 65101207, A write address: 0, B  read address: 0
blk_mem_gen_v8_3_6 collision detected at time: 65261031, A write address: 0, B  read address: 0
blk_mem_gen_v8_3_6 collision detected at time: 65421079, A write address: 0, B  read address: 0
blk_mem_gen_v8_3_6 collision detected at time: 65581159, A write address: 0, B  read address: 0
blk_mem_gen_v8_3_6 collision detected at time: 65741047, A write address: 0, B  read address: 0
blk_mem_gen_v8_3_6 collision detected at time: 65900967, A write address: 0, B  read address: 0
blk_mem_gen_v8_3_6 collision detected at time: 66061111, A write address: 0, B  read address: 0
blk_mem_gen_v8_3_6 collision detected at time: 66221031, A write address: 0, B  read address: 0
blk_mem_gen_v8_3_6 collision detected at time: 66380919, A write address: 0, B  read address: 0
blk_mem_gen_v8_3_6 collision detected at time: 66540999, A write address: 0, B  read address: 0
blk_mem_gen_v8_3_6 collision detected at time: 66701047, A write address: 0, B  read address: 0
blk_mem_gen_v8_3_6 collision detected at time: 66860871, A write address: 0, B  read address: 0
blk_mem_gen_v8_3_6 collision detected at time: 67020919, A write address: 0, B  read address: 0
blk_mem_gen_v8_3_6 collision detected at time: 67180999, A write address: 0, B  read address: 0
blk_mem_gen_v8_3_6 collision detected at time: 67340887, A write address: 0, B  read address: 0
blk_mem_gen_v8_3_6 collision detected at time: 67500807, A write address: 0, B  read address: 0
blk_mem_gen_v8_3_6 collision detected at time: 67660951, A write address: 0, B  read address: 0
blk_mem_gen_v8_3_6 collision detected at time: 67820871, A write address: 0, B  read address: 0
blk_mem_gen_v8_3_6 collision detected at time: 67980759, A write address: 0, B  read address: 0
blk_mem_gen_v8_3_6 collision detected at time: 68140807, A write address: 0, B  read address: 0
blk_mem_gen_v8_3_6 collision detected at time: 68300791, A write address: 0, B  read address: 0
blk_mem_gen_v8_3_6 collision detected at time: 68460775, A write address: 0, B  read address: 0
blk_mem_gen_v8_3_6 collision detected at time: 68620759, A write address: 0, B  read address: 0
blk_mem_gen_v8_3_6 collision detected at time: 68780743, A write address: 0, B  read address: 0
blk_mem_gen_v8_3_6 collision detected at time: 68940727, A write address: 0, B  read address: 0
blk_mem_gen_v8_3_6 collision detected at time: 69100711, A write address: 0, B  read address: 0
blk_mem_gen_v8_3_6 collision detected at time: 69260695, A write address: 0, B  read address: 0
blk_mem_gen_v8_3_6 collision detected at time: 69420679, A write address: 0, B  read address: 0
blk_mem_gen_v8_3_6 collision detected at time: 69580663, A write address: 0, B  read address: 0
blk_mem_gen_v8_3_6 collision detected at time: 69740647, A write address: 0, B  read address: 0
blk_mem_gen_v8_3_6 collision detected at time: 69900631, A write address: 0, B  read address: 0
blk_mem_gen_v8_3_6 collision detected at time: 70060615, A write address: 0, B  read address: 0
blk_mem_gen_v8_3_6 collision detected at time: 70220599, A write address: 0, B  read address: 0
blk_mem_gen_v8_3_6 collision detected at time: 70380583, A write address: 0, B  read address: 0
blk_mem_gen_v8_3_6 collision detected at time: 70540567, A write address: 0, B  read address: 0
blk_mem_gen_v8_3_6 collision detected at time: 70700551, A write address: 0, B  read address: 0
blk_mem_gen_v8_3_6 collision detected at time: 70860535, A write address: 0, B  read address: 0
blk_mem_gen_v8_3_6 collision detected at time: 71020519, A write address: 0, B  read address: 0
blk_mem_gen_v8_3_6 collision detected at time: 71180503, A write address: 0, B  read address: 0
blk_mem_gen_v8_3_6 collision detected at time: 71340487, A write address: 0, B  read address: 0
blk_mem_gen_v8_3_6 collision detected at time: 71500471, A write address: 0, B  read address: 0
blk_mem_gen_v8_3_6 collision detected at time: 71660455, A write address: 0, B  read address: 0
blk_mem_gen_v8_3_6 collision detected at time: 71820439, A write address: 0, B  read address: 0
blk_mem_gen_v8_3_6 collision detected at time: 71980423, A write address: 0, B  read address: 0
blk_mem_gen_v8_3_6 collision detected at time: 72140407, A write address: 0, B  read address: 0
blk_mem_gen_v8_3_6 collision detected at time: 72300391, A write address: 0, B  read address: 0
blk_mem_gen_v8_3_6 collision detected at time: 72460375, A write address: 0, B  read address: 0
blk_mem_gen_v8_3_6 collision detected at time: 72620359, A write address: 0, B  read address: 0
blk_mem_gen_v8_3_6 collision detected at time: 72780343, A write address: 0, B  read address: 0
blk_mem_gen_v8_3_6 collision detected at time: 72940327, A write address: 0, B  read address: 0
blk_mem_gen_v8_3_6 collision detected at time: 73100311, A write address: 0, B  read address: 0
blk_mem_gen_v8_3_6 collision detected at time: 73260295, A write address: 0, B  read address: 0
blk_mem_gen_v8_3_6 collision detected at time: 73420279, A write address: 0, B  read address: 0
blk_mem_gen_v8_3_6 collision detected at time: 73580263, A write address: 0, B  read address: 0
blk_mem_gen_v8_3_6 collision detected at time: 73740247, A write address: 0, B  read address: 0
blk_mem_gen_v8_3_6 collision detected at time: 73900231, A write address: 0, B  read address: 0
blk_mem_gen_v8_3_6 collision detected at time: 74060215, A write address: 0, B  read address: 0
blk_mem_gen_v8_3_6 collision detected at time: 74220199, A write address: 0, B  read address: 0
blk_mem_gen_v8_3_6 collision detected at time: 74380183, A write address: 0, B  read address: 0
blk_mem_gen_v8_3_6 collision detected at time: 74540167, A write address: 0, B  read address: 0
blk_mem_gen_v8_3_6 collision detected at time: 74700151, A write address: 0, B  read address: 0
blk_mem_gen_v8_3_6 collision detected at time: 74860135, A write address: 0, B  read address: 0
blk_mem_gen_v8_3_6 collision detected at time: 75020119, A write address: 0, B  read address: 0
blk_mem_gen_v8_3_6 collision detected at time: 75180103, A write address: 0, B  read address: 0
blk_mem_gen_v8_3_6 collision detected at time: 75340087, A write address: 0, B  read address: 0
blk_mem_gen_v8_3_6 collision detected at time: 75500071, A write address: 0, B  read address: 0
blk_mem_gen_v8_3_6 collision detected at time: 75660055, A write address: 0, B  read address: 0
blk_mem_gen_v8_3_6 collision detected at time: 75820039, A write address: 0, B  read address: 0
blk_mem_gen_v8_3_6 collision detected at time: 75980023, A write address: 0, B  read address: 0
blk_mem_gen_v8_3_6 collision detected at time: 76140007, A write address: 0, B  read address: 0
blk_mem_gen_v8_3_6 collision detected at time: 76299991, A write address: 0, B  read address: 0
blk_mem_gen_v8_3_6 collision detected at time: 76459975, A write address: 0, B  read address: 0
blk_mem_gen_v8_3_6 collision detected at time: 76619959, A write address: 0, B  read address: 0
blk_mem_gen_v8_3_6 collision detected at time: 76779943, A write address: 0, B  read address: 0
blk_mem_gen_v8_3_6 collision detected at time: 76939927, A write address: 0, B  read address: 0
blk_mem_gen_v8_3_6 collision detected at time: 77099911, A write address: 0, B  read address: 0
blk_mem_gen_v8_3_6 collision detected at time: 77259895, A write address: 0, B  read address: 0
blk_mem_gen_v8_3_6 collision detected at time: 77419879, A write address: 0, B  read address: 0
blk_mem_gen_v8_3_6 collision detected at time: 77579863, A write address: 0, B  read address: 0
blk_mem_gen_v8_3_6 collision detected at time: 77739847, A write address: 0, B  read address: 0
blk_mem_gen_v8_3_6 collision detected at time: 77899831, A write address: 0, B  read address: 0
blk_mem_gen_v8_3_6 collision detected at time: 78059815, A write address: 0, B  read address: 0
blk_mem_gen_v8_3_6 collision detected at time: 78219799, A write address: 0, B  read address: 0
blk_mem_gen_v8_3_6 collision detected at time: 78379783, A write address: 0, B  read address: 0
blk_mem_gen_v8_3_6 collision detected at time: 78539767, A write address: 0, B  read address: 0
blk_mem_gen_v8_3_6 collision detected at time: 78699751, A write address: 0, B  read address: 0
blk_mem_gen_v8_3_6 collision detected at time: 78859767, A write address: 0, B  read address: 0
blk_mem_gen_v8_3_6 collision detected at time: 79019751, A write address: 0, B  read address: 0
blk_mem_gen_v8_3_6 collision detected at time: 79179639, A write address: 0, B  read address: 0
blk_mem_gen_v8_3_6 collision detected at time: 79339687, A write address: 0, B  read address: 0
blk_mem_gen_v8_3_6 collision detected at time: 79499767, A write address: 0, B  read address: 0
blk_mem_gen_v8_3_6 collision detected at time: 79659655, A write address: 0, B  read address: 0
blk_mem_gen_v8_3_6 collision detected at time: 79819639, A write address: 0, B  read address: 0
blk_mem_gen_v8_3_6 collision detected at time: 79979719, A write address: 0, B  read address: 0
blk_mem_gen_v8_3_6 collision detected at time: 80139639, A write address: 0, B  read address: 0
blk_mem_gen_v8_3_6 collision detected at time: 80299527, A write address: 0, B  read address: 0
blk_mem_gen_v8_3_6 collision detected at time: 80459607, A write address: 0, B  read address: 0
blk_mem_gen_v8_3_6 collision detected at time: 80619591, A write address: 0, B  read address: 0
blk_mem_gen_v8_3_6 collision detected at time: 80779479, A write address: 0, B  read address: 0
blk_mem_gen_v8_3_6 collision detected at time: 80939527, A write address: 0, B  read address: 0
blk_mem_gen_v8_3_6 collision detected at time: 81099607, A write address: 0, B  read address: 0
blk_mem_gen_v8_3_6 collision detected at time: 81259495, A write address: 0, B  read address: 0
blk_mem_gen_v8_3_6 collision detected at time: 81419479, A write address: 0, B  read address: 0
blk_mem_gen_v8_3_6 collision detected at time: 81579559, A write address: 0, B  read address: 0
blk_mem_gen_v8_3_6 collision detected at time: 81739479, A write address: 0, B  read address: 0
blk_mem_gen_v8_3_6 collision detected at time: 81899367, A write address: 0, B  read address: 0
blk_mem_gen_v8_3_6 collision detected at time: 82059447, A write address: 0, B  read address: 0
blk_mem_gen_v8_3_6 collision detected at time: 82219431, A write address: 0, B  read address: 0
blk_mem_gen_v8_3_6 collision detected at time: 82379319, A write address: 0, B  read address: 0
blk_mem_gen_v8_3_6 collision detected at time: 82539367, A write address: 0, B  read address: 0
blk_mem_gen_v8_3_6 collision detected at time: 82699447, A write address: 0, B  read address: 0
blk_mem_gen_v8_3_6 collision detected at time: 82859335, A write address: 0, B  read address: 0
blk_mem_gen_v8_3_6 collision detected at time: 83019319, A write address: 0, B  read address: 0
blk_mem_gen_v8_3_6 collision detected at time: 83039317, A write address: 2, B  read address: 2
blk_mem_gen_v8_3_6 collision detected at time: 83045983, A write address: 3, B  read address: 3
blk_mem_gen_v8_3_6 collision detected at time: 83359285, A write address: 2, B  read address: 2
blk_mem_gen_v8_3_6 collision detected at time: 83365951, A write address: 3, B  read address: 3
blk_mem_gen_v8_3_6 collision detected at time: 83679285, A write address: 2, B  read address: 2
blk_mem_gen_v8_3_6 collision detected at time: 83686015, A write address: 3, B  read address: 3
blk_mem_gen_v8_3_6 collision detected at time: 83999157, A write address: 2, B  read address: 2
blk_mem_gen_v8_3_6 collision detected at time: 84005823, A write address: 3, B  read address: 3
blk_mem_gen_v8_3_6 collision detected at time: 84319285, A write address: 2, B  read address: 2
blk_mem_gen_v8_3_6 collision detected at time: 84325951, A write address: 3, B  read address: 3
blk_mem_gen_v8_3_6 collision detected at time: 84639157, A write address: 2, B  read address: 2
blk_mem_gen_v8_3_6 collision detected at time: 84645823, A write address: 3, B  read address: 3
blk_mem_gen_v8_3_6 collision detected at time: 84959125, A write address: 2, B  read address: 2
blk_mem_gen_v8_3_6 collision detected at time: 84965791, A write address: 3, B  read address: 3
blk_mem_gen_v8_3_6 collision detected at time: 85279125, A write address: 2, B  read address: 2
blk_mem_gen_v8_3_6 collision detected at time: 85285855, A write address: 3, B  read address: 3
blk_mem_gen_v8_3_6 collision detected at time: 85598997, A write address: 2, B  read address: 2
blk_mem_gen_v8_3_6 collision detected at time: 85605663, A write address: 3, B  read address: 3
blk_mem_gen_v8_3_6 collision detected at time: 85919125, A write address: 2, B  read address: 2
blk_mem_gen_v8_3_6 collision detected at time: 85925791, A write address: 3, B  read address: 3
blk_mem_gen_v8_3_6 collision detected at time: 86238997, A write address: 2, B  read address: 2
blk_mem_gen_v8_3_6 collision detected at time: 86245663, A write address: 3, B  read address: 3
blk_mem_gen_v8_3_6 collision detected at time: 86558965, A write address: 2, B  read address: 2
blk_mem_gen_v8_3_6 collision detected at time: 86565631, A write address: 3, B  read address: 3
blk_mem_gen_v8_3_6 collision detected at time: 86878965, A write address: 2, B  read address: 2
blk_mem_gen_v8_3_6 collision detected at time: 86885695, A write address: 3, B  read address: 3
blk_mem_gen_v8_3_6 collision detected at time: 87198837, A write address: 2, B  read address: 2
blk_mem_gen_v8_3_6 collision detected at time: 87205503, A write address: 3, B  read address: 3
blk_mem_gen_v8_3_6 collision detected at time: 87518965, A write address: 2, B  read address: 2
blk_mem_gen_v8_3_6 collision detected at time: 87525631, A write address: 3, B  read address: 3
blk_mem_gen_v8_3_6 collision detected at time: 87838837, A write address: 2, B  read address: 2
blk_mem_gen_v8_3_6 collision detected at time: 87845503, A write address: 3, B  read address: 3
blk_mem_gen_v8_3_6 collision detected at time: 88158805, A write address: 2, B  read address: 2
blk_mem_gen_v8_3_6 collision detected at time: 88165471, A write address: 3, B  read address: 3
blk_mem_gen_v8_3_6 collision detected at time: 88478805, A write address: 2, B  read address: 2
blk_mem_gen_v8_3_6 collision detected at time: 88485535, A write address: 3, B  read address: 3
blk_mem_gen_v8_3_6 collision detected at time: 88798677, A write address: 2, B  read address: 2
blk_mem_gen_v8_3_6 collision detected at time: 88805343, A write address: 3, B  read address: 3
blk_mem_gen_v8_3_6 collision detected at time: 89118805, A write address: 2, B  read address: 2
blk_mem_gen_v8_3_6 collision detected at time: 89125471, A write address: 3, B  read address: 3
blk_mem_gen_v8_3_6 collision detected at time: 89438677, A write address: 2, B  read address: 2
blk_mem_gen_v8_3_6 collision detected at time: 89445343, A write address: 3, B  read address: 3
blk_mem_gen_v8_3_6 collision detected at time: 89758645, A write address: 2, B  read address: 2
blk_mem_gen_v8_3_6 collision detected at time: 89765311, A write address: 3, B  read address: 3
blk_mem_gen_v8_3_6 collision detected at time: 90078645, A write address: 2, B  read address: 2
blk_mem_gen_v8_3_6 collision detected at time: 90085375, A write address: 3, B  read address: 3
blk_mem_gen_v8_3_6 collision detected at time: 90398517, A write address: 2, B  read address: 2
blk_mem_gen_v8_3_6 collision detected at time: 90405183, A write address: 3, B  read address: 3
blk_mem_gen_v8_3_6 collision detected at time: 90718645, A write address: 2, B  read address: 2
blk_mem_gen_v8_3_6 collision detected at time: 90725311, A write address: 3, B  read address: 3
blk_mem_gen_v8_3_6 collision detected at time: 91038517, A write address: 2, B  read address: 2
blk_mem_gen_v8_3_6 collision detected at time: 91045183, A write address: 3, B  read address: 3
blk_mem_gen_v8_3_6 collision detected at time: 91358485, A write address: 2, B  read address: 2
blk_mem_gen_v8_3_6 collision detected at time: 91365151, A write address: 3, B  read address: 3
blk_mem_gen_v8_3_6 collision detected at time: 91678485, A write address: 2, B  read address: 2
blk_mem_gen_v8_3_6 collision detected at time: 91685215, A write address: 3, B  read address: 3
blk_mem_gen_v8_3_6 collision detected at time: 91985025, A write address: 0, B  read address: 0
blk_mem_gen_v8_3_6 collision detected at time: 91998357, A write address: 2, B  read address: 2
blk_mem_gen_v8_3_6 collision detected at time: 92005023, A write address: 3, B  read address: 3
blk_mem_gen_v8_3_6 collision detected at time: 92318485, A write address: 2, B  read address: 2
blk_mem_gen_v8_3_6 collision detected at time: 92325151, A write address: 3, B  read address: 3
blk_mem_gen_v8_3_6 collision detected at time: 92625025, A write address: 0, B  read address: 0
blk_mem_gen_v8_3_6 collision detected at time: 92638357, A write address: 2, B  read address: 2
blk_mem_gen_v8_3_6 collision detected at time: 92645023, A write address: 3, B  read address: 3
blk_mem_gen_v8_3_6 collision detected at time: 92945025, A write address: 0, B  read address: 0
blk_mem_gen_v8_3_6 collision detected at time: 92958325, A write address: 2, B  read address: 2
blk_mem_gen_v8_3_6 collision detected at time: 93264993, A write address: 0, B  read address: 0
blk_mem_gen_v8_3_6 collision detected at time: 93278325, A write address: 2, B  read address: 2
blk_mem_gen_v8_3_6 collision detected at time: 93285055, A write address: 3, B  read address: 3
blk_mem_gen_v8_3_6 collision detected at time: 93584865, A write address: 0, B  read address: 0
blk_mem_gen_v8_3_6 collision detected at time: 93598197, A write address: 2, B  read address: 2
blk_mem_gen_v8_3_6 collision detected at time: 93904993, A write address: 0, B  read address: 0
blk_mem_gen_v8_3_6 collision detected at time: 93918325, A write address: 2, B  read address: 2
blk_mem_gen_v8_3_6 collision detected at time: 94224865, A write address: 0, B  read address: 0
blk_mem_gen_v8_3_6 collision detected at time: 94238197, A write address: 2, B  read address: 2
blk_mem_gen_v8_3_6 collision detected at time: 94544865, A write address: 0, B  read address: 0
blk_mem_gen_v8_3_6 collision detected at time: 94558165, A write address: 2, B  read address: 2
blk_mem_gen_v8_3_6 collision detected at time: 94864833, A write address: 0, B  read address: 0
blk_mem_gen_v8_3_6 collision detected at time: 94878165, A write address: 2, B  read address: 2
blk_mem_gen_v8_3_6 collision detected at time: 95184705, A write address: 0, B  read address: 0
blk_mem_gen_v8_3_6 collision detected at time: 95198037, A write address: 2, B  read address: 2
blk_mem_gen_v8_3_6 collision detected at time: 95504833, A write address: 0, B  read address: 0
blk_mem_gen_v8_3_6 collision detected at time: 95518165, A write address: 2, B  read address: 2
blk_mem_gen_v8_3_6 collision detected at time: 95824705, A write address: 0, B  read address: 0
blk_mem_gen_v8_3_6 collision detected at time: 95838037, A write address: 2, B  read address: 2
blk_mem_gen_v8_3_6 collision detected at time: 96144705, A write address: 0, B  read address: 0
blk_mem_gen_v8_3_6 collision detected at time: 96158005, A write address: 2, B  read address: 2
blk_mem_gen_v8_3_6 collision detected at time: 96464673, A write address: 0, B  read address: 0
blk_mem_gen_v8_3_6 collision detected at time: 96478005, A write address: 2, B  read address: 2
blk_mem_gen_v8_3_6 collision detected at time: 96784545, A write address: 0, B  read address: 0
blk_mem_gen_v8_3_6 collision detected at time: 96797877, A write address: 2, B  read address: 2
blk_mem_gen_v8_3_6 collision detected at time: 97104673, A write address: 0, B  read address: 0
blk_mem_gen_v8_3_6 collision detected at time: 97118005, A write address: 2, B  read address: 2
blk_mem_gen_v8_3_6 collision detected at time: 97424545, A write address: 0, B  read address: 0
blk_mem_gen_v8_3_6 collision detected at time: 97437877, A write address: 2, B  read address: 2
blk_mem_gen_v8_3_6 collision detected at time: 97744545, A write address: 0, B  read address: 0
blk_mem_gen_v8_3_6 collision detected at time: 97757845, A write address: 2, B  read address: 2
blk_mem_gen_v8_3_6 collision detected at time: 98064513, A write address: 0, B  read address: 0
blk_mem_gen_v8_3_6 collision detected at time: 98077845, A write address: 2, B  read address: 2
blk_mem_gen_v8_3_6 collision detected at time: 98384385, A write address: 0, B  read address: 0
blk_mem_gen_v8_3_6 collision detected at time: 98397717, A write address: 2, B  read address: 2
blk_mem_gen_v8_3_6 collision detected at time: 98704513, A write address: 0, B  read address: 0
blk_mem_gen_v8_3_6 collision detected at time: 98717845, A write address: 2, B  read address: 2
blk_mem_gen_v8_3_6 collision detected at time: 99024385, A write address: 0, B  read address: 0
blk_mem_gen_v8_3_6 collision detected at time: 99037717, A write address: 2, B  read address: 2
blk_mem_gen_v8_3_6 collision detected at time: 99344385, A write address: 0, B  read address: 0
blk_mem_gen_v8_3_6 collision detected at time: 99357685, A write address: 2, B  read address: 2
blk_mem_gen_v8_3_6 collision detected at time: 99664353, A write address: 0, B  read address: 0
blk_mem_gen_v8_3_6 collision detected at time: 99677685, A write address: 2, B  read address: 2
blk_mem_gen_v8_3_6 collision detected at time: 99984225, A write address: 0, B  read address: 0
blk_mem_gen_v8_3_6 collision detected at time: 99997557, A write address: 2, B  read address: 2
blk_mem_gen_v8_3_6 collision detected at time: 100304353, A write address: 0, B  read address: 0
blk_mem_gen_v8_3_6 collision detected at time: 100317685, A write address: 2, B  read address: 2
blk_mem_gen_v8_3_6 collision detected at time: 100624225, A write address: 0, B  read address: 0
blk_mem_gen_v8_3_6 collision detected at time: 100637557, A write address: 2, B  read address: 2
blk_mem_gen_v8_3_6 collision detected at time: 100944225, A write address: 0, B  read address: 0
blk_mem_gen_v8_3_6 collision detected at time: 100957525, A write address: 2, B  read address: 2
blk_mem_gen_v8_3_6 collision detected at time: 101264193, A write address: 0, B  read address: 0
blk_mem_gen_v8_3_6 collision detected at time: 101277525, A write address: 2, B  read address: 2
blk_mem_gen_v8_3_6 collision detected at time: 101584065, A write address: 0, B  read address: 0
blk_mem_gen_v8_3_6 collision detected at time: 101597397, A write address: 2, B  read address: 2
blk_mem_gen_v8_3_6 collision detected at time: 101904193, A write address: 0, B  read address: 0
blk_mem_gen_v8_3_6 collision detected at time: 101917525, A write address: 2, B  read address: 2
blk_mem_gen_v8_3_6 collision detected at time: 102224065, A write address: 0, B  read address: 0
blk_mem_gen_v8_3_6 collision detected at time: 102237397, A write address: 2, B  read address: 2
blk_mem_gen_v8_3_6 collision detected at time: 102544065, A write address: 0, B  read address: 0
blk_mem_gen_v8_3_6 collision detected at time: 102557365, A write address: 2, B  read address: 2
blk_mem_gen_v8_3_6 collision detected at time: 102864033, A write address: 0, B  read address: 0
blk_mem_gen_v8_3_6 collision detected at time: 102877365, A write address: 2, B  read address: 2
blk_mem_gen_v8_3_6 collision detected at time: 103183905, A write address: 0, B  read address: 0
blk_mem_gen_v8_3_6 collision detected at time: 103197237, A write address: 2, B  read address: 2
blk_mem_gen_v8_3_6 collision detected at time: 103504033, A write address: 0, B  read address: 0
blk_mem_gen_v8_3_6 collision detected at time: 103517365, A write address: 2, B  read address: 2
blk_mem_gen_v8_3_6 collision detected at time: 103823905, A write address: 0, B  read address: 0
blk_mem_gen_v8_3_6 collision detected at time: 103837237, A write address: 2, B  read address: 2
blk_mem_gen_v8_3_6 collision detected at time: 104143905, A write address: 0, B  read address: 0
blk_mem_gen_v8_3_6 collision detected at time: 104157205, A write address: 2, B  read address: 2
blk_mem_gen_v8_3_6 collision detected at time: 104463873, A write address: 0, B  read address: 0
blk_mem_gen_v8_3_6 collision detected at time: 104477205, A write address: 2, B  read address: 2
blk_mem_gen_v8_3_6 collision detected at time: 104783745, A write address: 0, B  read address: 0
blk_mem_gen_v8_3_6 collision detected at time: 104797077, A write address: 2, B  read address: 2
blk_mem_gen_v8_3_6 collision detected at time: 105103873, A write address: 0, B  read address: 0
blk_mem_gen_v8_3_6 collision detected at time: 105117205, A write address: 2, B  read address: 2
blk_mem_gen_v8_3_6 collision detected at time: 105423745, A write address: 0, B  read address: 0
blk_mem_gen_v8_3_6 collision detected at time: 105437077, A write address: 2, B  read address: 2
blk_mem_gen_v8_3_6 collision detected at time: 105743745, A write address: 0, B  read address: 0
blk_mem_gen_v8_3_6 collision detected at time: 105757045, A write address: 2, B  read address: 2
blk_mem_gen_v8_3_6 collision detected at time: 106063713, A write address: 0, B  read address: 0
blk_mem_gen_v8_3_6 collision detected at time: 106077045, A write address: 2, B  read address: 2
blk_mem_gen_v8_3_6 collision detected at time: 106383585, A write address: 0, B  read address: 0
blk_mem_gen_v8_3_6 collision detected at time: 106396917, A write address: 2, B  read address: 2
blk_mem_gen_v8_3_6 collision detected at time: 106703713, A write address: 0, B  read address: 0
blk_mem_gen_v8_3_6 collision detected at time: 106717045, A write address: 2, B  read address: 2
blk_mem_gen_v8_3_6 collision detected at time: 107023585, A write address: 0, B  read address: 0
blk_mem_gen_v8_3_6 collision detected at time: 107036917, A write address: 2, B  read address: 2
blk_mem_gen_v8_3_6 collision detected at time: 107343585, A write address: 0, B  read address: 0
blk_mem_gen_v8_3_6 collision detected at time: 107356885, A write address: 2, B  read address: 2
blk_mem_gen_v8_3_6 collision detected at time: 107663553, A write address: 0, B  read address: 0
blk_mem_gen_v8_3_6 collision detected at time: 107676885, A write address: 2, B  read address: 2
blk_mem_gen_v8_3_6 collision detected at time: 107983425, A write address: 0, B  read address: 0
blk_mem_gen_v8_3_6 collision detected at time: 107996757, A write address: 2, B  read address: 2
blk_mem_gen_v8_3_6 collision detected at time: 108303553, A write address: 0, B  read address: 0
blk_mem_gen_v8_3_6 collision detected at time: 108316885, A write address: 2, B  read address: 2
blk_mem_gen_v8_3_6 collision detected at time: 108623425, A write address: 0, B  read address: 0
blk_mem_gen_v8_3_6 collision detected at time: 108636757, A write address: 2, B  read address: 2
blk_mem_gen_v8_3_6 collision detected at time: 108943425, A write address: 0, B  read address: 0
blk_mem_gen_v8_3_6 collision detected at time: 108956725, A write address: 2, B  read address: 2
blk_mem_gen_v8_3_6 collision detected at time: 109263393, A write address: 0, B  read address: 0
blk_mem_gen_v8_3_6 collision detected at time: 109276725, A write address: 2, B  read address: 2
blk_mem_gen_v8_3_6 collision detected at time: 109583265, A write address: 0, B  read address: 0
blk_mem_gen_v8_3_6 collision detected at time: 109596597, A write address: 2, B  read address: 2
blk_mem_gen_v8_3_6 collision detected at time: 109903393, A write address: 0, B  read address: 0
blk_mem_gen_v8_3_6 collision detected at time: 109916725, A write address: 2, B  read address: 2
blk_mem_gen_v8_3_6 collision detected at time: 110223265, A write address: 0, B  read address: 0
blk_mem_gen_v8_3_6 collision detected at time: 110236597, A write address: 2, B  read address: 2
blk_mem_gen_v8_3_6 collision detected at time: 110543265, A write address: 0, B  read address: 0
blk_mem_gen_v8_3_6 collision detected at time: 110556565, A write address: 2, B  read address: 2
blk_mem_gen_v8_3_6 collision detected at time: 110863233, A write address: 0, B  read address: 0
blk_mem_gen_v8_3_6 collision detected at time: 110876565, A write address: 2, B  read address: 2
blk_mem_gen_v8_3_6 collision detected at time: 111183105, A write address: 0, B  read address: 0
blk_mem_gen_v8_3_6 collision detected at time: 111196437, A write address: 2, B  read address: 2
blk_mem_gen_v8_3_6 collision detected at time: 111503233, A write address: 0, B  read address: 0
blk_mem_gen_v8_3_6 collision detected at time: 111516565, A write address: 2, B  read address: 2
blk_mem_gen_v8_3_6 collision detected at time: 111823105, A write address: 0, B  read address: 0
blk_mem_gen_v8_3_6 collision detected at time: 111836437, A write address: 2, B  read address: 2
