Copyright 1986-2017 Xilinx, Inc. All Rights Reserved.
----------------------------------------------------------------------------------------
| Tool Version : Vivado v.2017.2 (win64) Build 1909853 Thu Jun 15 18:39:09 MDT 2017
| Date         : Sun May  6 22:30:05 2018
| Host         : idea-PC running 64-bit major release  (build 9200)
| Command      : report_control_sets -verbose -file gtx3g_exdes_control_sets_placed.rpt
| Design       : gtx3g_exdes
| Device       : xc7z100i
----------------------------------------------------------------------------------------

Control Set Information

Table of Contents
-----------------
1. Summary
2. Flip-Flop Distribution
3. Detailed Control Set Information

1. Summary
----------

+----------------------------------------------------------+-------+
|                          Status                          | Count |
+----------------------------------------------------------+-------+
| Number of unique control sets                            |    85 |
| Unused register locations in slices containing registers |   252 |
+----------------------------------------------------------+-------+


2. Flip-Flop Distribution
-------------------------

+--------------+-----------------------+------------------------+-----------------+--------------+
| Clock Enable | Synchronous Set/Reset | Asynchronous Set/Reset | Total Registers | Total Slices |
+--------------+-----------------------+------------------------+-----------------+--------------+
| No           | No                    | No                     |             452 |          114 |
| No           | No                    | Yes                    |              16 |            6 |
| No           | Yes                   | No                     |             404 |          150 |
| Yes          | No                    | No                     |              79 |           32 |
| Yes          | No                    | Yes                    |               0 |            0 |
| Yes          | Yes                   | No                     |             997 |          234 |
+--------------+-----------------------+------------------------+-----------------+--------------+


3. Detailed Control Set Information
-----------------------------------

+----------------------------------------------------+------------------------------------------------------------------------------------------------------------------+-------------------------------------------------------------------------------------------------------+------------------+----------------+
|                    Clock Signal                    |                                                   Enable Signal                                                  |                                            Set/Reset Signal                                           | Slice Load Count | Bel Load Count |
+----------------------------------------------------+------------------------------------------------------------------------------------------------------------------+-------------------------------------------------------------------------------------------------------+------------------+----------------+
|  gtx3g_support_i/gt_usrclk_source/GT0_TXUSRCLK_OUT | gt0_frame_check/pattern_check_en                                                                                 | gt0_frame_check/block_word_cnt0                                                                       |                1 |              1 |
|  gtx3g_support_i/gt_usrclk_source/GT0_TXUSRCLK_OUT | gt0_frame_check/block_error_reg[1]_i_1_n_0                                                                       | gt0_frame_check/block_word_cnt0                                                                       |                1 |              2 |
|  gtx3g_support_i/gt_usrclk_source/GT0_TXUSRCLK_OUT |                                                                                                                  | gtx3g_support_i/gt0_txfsmresetdone_r_reg                                                              |                1 |              2 |
|  gtx3g_support_i/gt_usrclk_source/GT0_TXUSRCLK_OUT |                                                                                                                  | gtx3g_support_i/gt1_txfsmresetdone_r_reg                                                              |                1 |              2 |
|  drpclk_in_i                                       |                                                                                                                  | gtx3g_support_i/gtx3g_init_i/inst/gt0_tx_manual_phase_i/cdc[0].sync_TXPHINITDONE/stretch_r[2]_i_1_n_0 |                1 |              3 |
|  drpclk_in_i                                       |                                                                                                                  | gtx3g_support_i/gtx3g_init_i/inst/gt1_rxresetfsm_i/reset_time_out_reg_n_0                             |                2 |              3 |
|  drpclk_in_i                                       |                                                                                                                  | gtx3g_support_i/gtx3g_init_i/inst/gt0_tx_manual_phase_i/cdc[1].sync_TXPHINITDONE/stretch_r[2]_i_1_n_0 |                1 |              3 |
|  gtx3g_support_i/gt_usrclk_source/GT0_TXUSRCLK_OUT |                                                                                                                  | gtx3g_support_i/gt0_rxresetdone_r_reg                                                                 |                1 |              3 |
|  drpclk_in_i                                       |                                                                                                                  | gtx3g_support_i/gtx3g_init_i/inst/gt0_rxresetfsm_i/reset_time_out_reg_n_0                             |                2 |              3 |
|  gtx3g_support_i/gt_usrclk_source/GT0_TXUSRCLK_OUT |                                                                                                                  | gtx3g_support_i/gt1_rxresetdone_r_reg                                                                 |                1 |              3 |
|  gtx3g_support_i/gt_usrclk_source/GT0_TXUSRCLK_OUT |                                                                                                                  | gt1_frame_check/rx_fifo_rst                                                                           |                1 |              4 |
|  drpclk_in_i                                       | gtx3g_support_i/gtx3g_init_i/inst/gt1_txresetfsm_i/sync_qplllock/E[0]                                            |                                                                                                       |                1 |              4 |
|  drpclk_in_i                                       | gtx3g_support_i/gtx3g_init_i/inst/gt0_txresetfsm_i/sync_qplllock/E[0]                                            |                                                                                                       |                2 |              4 |
|  drpclk_in_i                                       | gtx3g_support_i/gtx3g_init_i/inst/gt0_rxresetfsm_i/sync_data_valid/E[0]                                          |                                                                                                       |                3 |              4 |
|  drpclk_in_i                                       | gtx3g_support_i/gtx3g_init_i/inst/gt1_rxresetfsm_i/sync_data_valid/E[0]                                          |                                                                                                       |                3 |              4 |
|  drpclk_in_i                                       |                                                                                                                  | gtx3g_support_i/gtx3g_init_i/inst/gt0_tx_manual_phase_i/txdone_clear_reg_n_0                          |                2 |              5 |
|  gtx3g_support_i/gt_usrclk_source/GT0_TXUSRCLK_OUT | gt1_frame_gen/pattern_gen_inst_1/prbs31_gen_inst1/prbs31_reg_reg[30]_0                                           |                                                                                                       |                2 |              6 |
|  gtx3g_support_i/gt_usrclk_source/GT0_TXUSRCLK_OUT | gt0_frame_check/pattern_gen_inst_2/prbs31_gen_inst1/prbs31_reg_reg[30]_0                                         |                                                                                                       |                2 |              6 |
|  gtx3g_support_i/gt_usrclk_source/GT0_TXUSRCLK_OUT | gt0_frame_gen/pattern_gen_inst_1/prbs31_gen_inst1/prbs31_reg_reg[30]_0                                           |                                                                                                       |                4 |              6 |
|  gtx3g_support_i/gt_usrclk_source/GT0_TXUSRCLK_OUT | gt0_frame_check/link_ctr                                                                                         |                                                                                                       |                4 |              7 |
|  gtx3g_support_i/gt_usrclk_source/GT0_TXUSRCLK_OUT | gt1_frame_check/link_ctr                                                                                         |                                                                                                       |                3 |              7 |
|  gtx3g_support_i/gt_usrclk_source/GT0_TXUSRCLK_OUT | gt0_frame_check/block_word_cnt[7]_i_1_n_0                                                                        | gt0_frame_check/block_word_cnt0                                                                       |                5 |              8 |
|  gtx3g_support_i/gt_usrclk_source/GT0_TXUSRCLK_OUT | gt0_frame_check/rx_word_fifo_inst_1/U0/inst_fifo_gen/gconvfifo.rf/grf.rf/gntv_or_sync_fifo.gl0.wr/gwss.wsts/E[0] | gt0_frame_check/rx_fifo_rst                                                                           |                2 |              8 |
|  gtx3g_support_i/gt_usrclk_source/GT0_TXUSRCLK_OUT | gt0_frame_check/rx_word_fifo_inst_1/U0/inst_fifo_gen/gconvfifo.rf/grf.rf/gntv_or_sync_fifo.gl0.rd/grss.rsts/E[0] | gt0_frame_check/rx_fifo_rst                                                                           |                2 |              8 |
|  drpclk_in_i                                       | gtx3g_support_i/gtx3g_init_i/inst/gt0_txresetfsm_i/init_wait_count                                               |                                                                                                       |                3 |              8 |
|  drpclk_in_i                                       | gtx3g_support_i/gtx3g_init_i/inst/gt1_txresetfsm_i/init_wait_count                                               |                                                                                                       |                2 |              8 |
|  drpclk_in_i                                       | gtx3g_support_i/gtx3g_init_i/inst/gt1_rxresetfsm_i/init_wait_count                                               |                                                                                                       |                2 |              8 |
|  drpclk_in_i                                       | gtx3g_support_i/common_reset_i/init_wait_count                                                                   |                                                                                                       |                2 |              8 |
|  gtx3g_support_i/gt_usrclk_source/GT0_TXUSRCLK_OUT | gt1_frame_check/block_word_cnt[7]_i_1__0_n_0                                                                     | gt1_frame_check/block_word_cnt0                                                                       |                5 |              8 |
|  drpclk_in_i                                       | gtx3g_support_i/gtx3g_init_i/inst/gt0_rxresetfsm_i/init_wait_count                                               |                                                                                                       |                3 |              8 |
|  gtx3g_support_i/gt_usrclk_source/GT0_TXUSRCLK_OUT | gt1_frame_check/rx_word_fifo_inst_1/U0/inst_fifo_gen/gconvfifo.rf/grf.rf/gntv_or_sync_fifo.gl0.rd/grss.rsts/E[0] | gt1_frame_check/rx_fifo_rst                                                                           |                2 |              8 |
|  gtx3g_support_i/gt_usrclk_source/GT0_TXUSRCLK_OUT | gt1_frame_check/rx_word_fifo_inst_1/U0/inst_fifo_gen/gconvfifo.rf/grf.rf/gntv_or_sync_fifo.gl0.wr/gwss.wsts/E[0] | gt1_frame_check/rx_fifo_rst                                                                           |                2 |              8 |
|  drpclk_in_i                                       | gtx3g_support_i/gtx3g_init_i/inst/gt0_tx_manual_phase_i/cdc[0].sync_TXPHINITDONE/E[0]                            | gtx3g_support_i/gtx3g_init_i/inst/gt0_txresetfsm_i/SR[0]                                              |                2 |              9 |
|  drpclk_in_i                                       |                                                                                                                  | gtx3g_support_i/gtx3g_init_i/inst/gt0_txresetfsm_i/SR[0]                                              |                3 |              9 |
|  drpclk_in_i                                       | gtx3g_support_i/gtx3g_init_i/inst/gt0_txresetfsm_i/mmcm_lock_count[9]_i_2_n_0                                    | gtx3g_support_i/gtx3g_init_i/inst/gt0_txresetfsm_i/sync_mmcm_lock_reclocked/SR[0]                     |                2 |             10 |
|  drpclk_in_i                                       | gtx3g_support_i/gtx3g_init_i/inst/gt1_rxresetfsm_i/mmcm_lock_count[9]_i_2__2_n_0                                 | gtx3g_support_i/gtx3g_init_i/inst/gt1_rxresetfsm_i/sync_mmcm_lock_reclocked/SR[0]                     |                3 |             10 |
|  drpclk_in_i                                       | gtx3g_support_i/gtx3g_init_i/inst/gt1_txresetfsm_i/mmcm_lock_count[9]_i_2__0_n_0                                 | gtx3g_support_i/gtx3g_init_i/inst/gt1_txresetfsm_i/sync_mmcm_lock_reclocked/SR[0]                     |                3 |             10 |
|  gtx3g_support_i/gt_usrclk_source/GT0_TXUSRCLK_OUT |                                                                                                                  | gt0_frame_check/block_word_cnt0                                                                       |                6 |             10 |
|  drpclk_in_i                                       | gtx3g_support_i/gtx3g_init_i/inst/gt0_rxresetfsm_i/mmcm_lock_count[9]_i_2__1_n_0                                 | gtx3g_support_i/gtx3g_init_i/inst/gt0_rxresetfsm_i/sync_mmcm_lock_reclocked/SR[0]                     |                3 |             10 |
|  gtx3g_support_i/gt_usrclk_source/GT0_TXUSRCLK_OUT | gtx3g_support_i/gtx3g_init_i/inst/gt0_rxresetfsm_i/wait_bypass_count[0]_i_2__1_n_0                               | gtx3g_support_i/gtx3g_init_i/inst/gt0_rxresetfsm_i/wait_bypass_count[0]_i_1__1_n_0                    |                4 |             13 |
|  gtx3g_support_i/gt_usrclk_source/GT0_TXUSRCLK_OUT | gtx3g_support_i/gtx3g_init_i/inst/gt1_rxresetfsm_i/wait_bypass_count[0]_i_2__2_n_0                               | gtx3g_support_i/gtx3g_init_i/inst/gt1_rxresetfsm_i/wait_bypass_count[0]_i_1__2_n_0                    |                4 |             13 |
|  drpclk_in_i                                       | gtx3g_support_i/gtx3g_init_i/inst/gt0_txresetfsm_i/sel                                                           | gtx3g_support_i/gtx3g_init_i/inst/gt0_txresetfsm_i/wait_time_cnt[0]_i_1_n_0                           |                4 |             16 |
|  drpclk_in_i                                       | gtx3g_support_i/gtx3g_init_i/inst/gt1_txresetfsm_i/wait_time_cnt[0]_i_2__0_n_0                                   | gtx3g_support_i/gtx3g_init_i/inst/gt1_txresetfsm_i/wait_time_cnt[0]_i_1__0_n_0                        |                4 |             16 |
|  gtx3g_support_i/gt_usrclk_source/GT0_TXUSRCLK_OUT |                                                                                                                  | gt0_frame_gen/encoder_rst_reg                                                                         |                5 |             16 |
|  gtx3g_support_i/gt_usrclk_source/GT0_TXUSRCLK_OUT |                                                                                                                  | gt0_frame_check/encoder_rst_reg_n_0                                                                   |                5 |             16 |
|  drpclk_in_i                                       | gtx3g_support_i/gtx3g_init_i/inst/gt0_rxresetfsm_i/wait_time_cnt[0]_i_2__1_n_0                                   | gtx3g_support_i/gtx3g_init_i/inst/gt0_rxresetfsm_i/wait_time_cnt[0]_i_1__1_n_0                        |                4 |             16 |
|  gtx3g_support_i/gt_usrclk_source/GT0_TXUSRCLK_OUT | gt0_frame_check/rx_fifo_in_reg[15]_i_1_n_0                                                                       | gt0_frame_check/block_word_cnt0                                                                       |                3 |             16 |
|  gtx3g_support_i/gt_usrclk_source/GT0_TXUSRCLK_OUT | gt0_frame_check/ver_correct_mask[15]_i_1_n_0                                                                     | gt0_frame_check/block_word_cnt0                                                                       |                3 |             16 |
|  gtx3g_support_i/gt_usrclk_source/GT0_TXUSRCLK_OUT | gt0_frame_check/correct_mask_valid                                                                               | gt0_frame_check/block_word_cnt0                                                                       |                2 |             16 |
|  gtx3g_support_i/gt_usrclk_source/GT0_TXUSRCLK_OUT | gt0_frame_check/hor_correct_mask_reg[15]_i_1_n_0                                                                 | gt0_frame_check/block_word_cnt0                                                                       |                3 |             16 |
|  gtx3g_support_i/gt_usrclk_source/GT0_TXUSRCLK_OUT | gt0_frame_check/rx_fifo_out_reg_en                                                                               | gt0_frame_check/block_word_cnt0                                                                       |                5 |             16 |
|  gtx3g_support_i/gt_usrclk_source/GT0_TXUSRCLK_OUT | gt0_frame_gen/data_word_valid                                                                                    | gt0_frame_gen/clear                                                                                   |                2 |             16 |
|  gtx3g_support_i/gt_usrclk_source/GT0_TXUSRCLK_OUT | gt1_frame_gen/data_word_valid                                                                                    | gt1_frame_gen/block_word_cnt[7]_i_1__2_n_0                                                            |                4 |             16 |
|  gtx3g_support_i/gt_usrclk_source/GT0_TXUSRCLK_OUT | gt0_frame_gen/sel                                                                                                | gt0_frame_gen/clear                                                                                   |                4 |             16 |
|  gtx3g_support_i/gt_usrclk_source/GT0_TXUSRCLK_OUT | gt1_frame_gen/test_init_cnt[0]_i_1__0_n_0                                                                        | gt1_frame_gen/block_word_cnt[7]_i_1__2_n_0                                                            |                4 |             16 |
|  drpclk_in_i                                       | gtx3g_support_i/gtx3g_init_i/inst/gt1_rxresetfsm_i/wait_time_cnt[0]_i_2__2_n_0                                   | gtx3g_support_i/gtx3g_init_i/inst/gt1_rxresetfsm_i/wait_time_cnt[0]_i_1__2_n_0                        |                4 |             16 |
|  gtx3g_support_i/gt_usrclk_source/GT0_TXUSRCLK_OUT |                                                                                                                  | gt1_frame_gen/encoder_rst_reg                                                                         |                5 |             16 |
|  gtx3g_support_i/gt_usrclk_source/GT0_TXUSRCLK_OUT | gt0_frame_check/hor_correct_mask[15]_i_1_n_0                                                                     | gt0_frame_check/block_word_cnt0                                                                       |                5 |             16 |
|  gtx3g_support_i/gt_usrclk_source/GT0_TXUSRCLK_OUT | gtx3g_support_i/gtx3g_init_i/inst/gt0_txresetfsm_i/wait_bypass_count[0]_i_2_n_0                                  | gtx3g_support_i/gtx3g_init_i/inst/gt0_txresetfsm_i/clear                                              |                5 |             17 |
|  gtx3g_support_i/gt_usrclk_source/GT0_TXUSRCLK_OUT | gtx3g_support_i/gtx3g_init_i/inst/gt1_txresetfsm_i/wait_bypass_count[0]_i_2__0_n_0                               | gtx3g_support_i/gtx3g_init_i/inst/gt1_txresetfsm_i/wait_bypass_count[0]_i_1__0_n_0                    |                5 |             17 |
|  drpclk_in_i                                       | gtx3g_support_i/gtx3g_init_i/inst/gt1_txresetfsm_i/time_out_counter                                              | gtx3g_support_i/gtx3g_init_i/inst/gt1_txresetfsm_i/reset_time_out_reg_n_0                             |                5 |             18 |
|  drpclk_in_i                                       | gtx3g_support_i/gtx3g_init_i/inst/gt0_rxresetfsm_i/time_out_counter                                              | gtx3g_support_i/gtx3g_init_i/inst/gt0_rxresetfsm_i/reset_time_out_reg_n_0                             |                5 |             18 |
|  drpclk_in_i                                       | gtx3g_support_i/gtx3g_init_i/inst/gt0_txresetfsm_i/time_out_counter                                              | gtx3g_support_i/gtx3g_init_i/inst/gt0_txresetfsm_i/reset_time_out                                     |                5 |             18 |
|  drpclk_in_i                                       | gtx3g_support_i/gtx3g_init_i/inst/gt1_rxresetfsm_i/time_out_counter                                              | gtx3g_support_i/gtx3g_init_i/inst/gt1_rxresetfsm_i/reset_time_out_reg_n_0                             |                5 |             18 |
|  gtx3g_support_i/gt_usrclk_source/GT0_TXUSRCLK_OUT | gt0_frame_check/data_word_valid                                                                                  | gt0_frame_check/encoder_rst_reg_n_0                                                                   |                6 |             20 |
|  gtx3g_support_i/gt_usrclk_source/GT0_TXUSRCLK_OUT | gt1_frame_gen/data_word_valid                                                                                    | gt1_frame_gen/encoder_rst_reg                                                                         |                9 |             20 |
|  gtx3g_support_i/gt_usrclk_source/GT0_TXUSRCLK_OUT |                                                                                                                  | gt0_frame_gen/pattern_rst_reg                                                                         |               10 |             20 |
|  gtx3g_support_i/gt_usrclk_source/GT0_TXUSRCLK_OUT | gt0_frame_gen/data_word_valid                                                                                    | gt0_frame_gen/encoder_rst_reg                                                                         |                8 |             20 |
|  gtx3g_support_i/gt_usrclk_source/GT0_TXUSRCLK_OUT |                                                                                                                  | gt1_frame_gen/pattern_rst_reg                                                                         |               10 |             20 |
|  gtx3g_support_i/gt_usrclk_source/GT0_TXUSRCLK_OUT |                                                                                                                  | gt0_frame_check/rx_fifo_rst                                                                           |                9 |             24 |
|  gtx3g_support_i/gt_usrclk_source/GT0_TXUSRCLK_OUT |                                                                                                                  | gt0_frame_gen/clear                                                                                   |               17 |             29 |
|  gtx3g_support_i/gt_usrclk_source/GT0_TXUSRCLK_OUT |                                                                                                                  | gt1_frame_gen/block_word_cnt[7]_i_1__2_n_0                                                            |               15 |             29 |
|  gtx3g_support_i/gt_usrclk_source/GT0_TXUSRCLK_OUT |                                                                                                                  | gt0_frame_gen/error_insertion_rst_reg                                                                 |                6 |             32 |
|  gtx3g_support_i/gt_usrclk_source/GT0_TXUSRCLK_OUT | gt0_frame_check/pattern_error_cnt                                                                                | gt0_frame_check/block_word_cnt0                                                                       |                8 |             32 |
|  gtx3g_support_i/gt_usrclk_source/GT0_TXUSRCLK_OUT | gt0_frame_check/data_word_cnt                                                                                    | gt0_frame_check/block_word_cnt0                                                                       |                8 |             32 |
|  gtx3g_support_i/gt_usrclk_source/GT0_TXUSRCLK_OUT |                                                                                                                  | gt1_frame_gen/error_insertion_rst_reg                                                                 |                5 |             32 |
|  drpclk_in_i                                       |                                                                                                                  | gtx3g_support_i/gtx3g_init_i/inst/gt0_rxresetfsm_i/SR[0]                                              |               12 |             33 |
|  drpclk_in_i                                       |                                                                                                                  | gtx3g_support_i/gtx3g_init_i/inst/gt1_rxresetfsm_i/SR[0]                                              |               14 |             33 |
|  gtx3g_support_i/gt_usrclk_source/GT0_TXUSRCLK_OUT |                                                                                                                  | gt1_frame_check/system_reset_r2                                                                       |               13 |             35 |
|  gtx3g_support_i/gt_usrclk_source/GT0_TXUSRCLK_OUT |                                                                                                                  | gt0_frame_check/system_reset_r2                                                                       |                8 |             35 |
|  gtx3g_support_i/gt_usrclk_source/GT0_TXUSRCLK_OUT | gt1_frame_gen/pattern_gen_inst_1/prbs31_gen_inst1/prbs31_reg_reg[30]_0                                           | gt1_frame_gen/pattern_rst_reg                                                                         |               25 |            139 |
|  gtx3g_support_i/gt_usrclk_source/GT0_TXUSRCLK_OUT | gt0_frame_check/pattern_gen_inst_2/prbs31_gen_inst1/prbs31_reg_reg[30]_0                                         | gt0_frame_check/rx_fifo_rst                                                                           |               24 |            139 |
|  gtx3g_support_i/gt_usrclk_source/GT0_TXUSRCLK_OUT | gt0_frame_gen/pattern_gen_inst_1/prbs31_gen_inst1/prbs31_reg_reg[30]_0                                           | gt0_frame_gen/pattern_rst_reg                                                                         |               24 |            139 |
|  drpclk_in_i                                       |                                                                                                                  |                                                                                                       |               50 |            204 |
|  gtx3g_support_i/gt_usrclk_source/GT0_TXUSRCLK_OUT |                                                                                                                  |                                                                                                       |               68 |            280 |
+----------------------------------------------------+------------------------------------------------------------------------------------------------------------------+-------------------------------------------------------------------------------------------------------+------------------+----------------+


+--------+-----------------------+
| Fanout | Number of ControlSets |
+--------+-----------------------+
| 1      |                     1 |
| 2      |                     3 |
| 3      |                     6 |
| 4      |                     5 |
| 5      |                     1 |
| 6      |                     3 |
| 7      |                     2 |
| 8      |                    11 |
| 9      |                     2 |
| 10     |                     5 |
| 13     |                     2 |
| 16+    |                    44 |
+--------+-----------------------+


