Unable to capture context for thread 6820 in process 520, can not generate back trace
Exception at PC 0x000007FEBFB2BB93
Printing stacktrace...

[0]  [0x000007FEBFB2BB93]
[1]  [0x000007FEBFB2BB93]
[2]  [0x000007FEBFB2B4A1]
[3]  [0x000007FEBFB2B3EF]
[4]  [0x000007FEBFB119FE]
[5]  [0x000007FEBFB10ED1]
[6]  [0x000007FEBFB10D76]
[7]  [0x000007FEBFAB79F6]
[8]  [0x000007FEBFAA7AFB]
[9]  [0x000007FEBFBCE90A]
[10]  [0x000007FEBFBE9F87]
[11]  [0x000007FEBFBEA05F]
[12] (BaseThreadInitThunk+0xd) [0x00000000771F59CD]
[13] (RtlUserThreadStart+0x21) [0x000000007742A2E1]
Done
Exception at PC 0x000007FEBF831A52
Attemped to write at address 0x000007FEF5CCABA4
Printing stacktrace...

[0]  [0x000007FEBF831A52]
[1]  [0x000007FEBF831A52]
[2]  [0x000007FEBF831AD4]
[3]  [0x000007FEBF973FF7]
[4]  [0x000007FEBF859128]
[5]  [0x000007FEBFB0DFB9]
[6]  [0x000007FEBFCDEF23]
[7]  [0x000007FEBFBEB06B]
[8]  [0x000007FEBFBE08AF]
[9]  [0x000007FEBFBE0A32]
[10] (LdrShutdownProcess+0x1d1) [0x00000000774229B1]
[11] (RtlExitUserProcess+0x90) [0x00000000774227C0]
[12] (wcstoui64+0x2fa) [0x000007FEFF1B99E2]
[13]  [0x00000000004014CD]
[14]  [0x000000000040151B]
[15] (BaseThreadInitThunk+0xd) [0x00000000771F59CD]
[16] (RtlUserThreadStart+0x21) [0x000000007742A2E1]
Done
