Copyright 1986-2017 Xilinx, Inc. All Rights Reserved.
------------------------------------------------------------------------------------------------------
| Tool Version      : Vivado v.2017.2 (win64) Build 1909853 Thu Jun 15 18:39:09 MDT 2017
| Date              : Thu May 10 21:11:30 2018
| Host              : FPGA-PC running 64-bit Service Pack 1  (build 7601)
| Command           : report_clock_utilization -file gtx3g_bert_axi_v1_0_clock_utilization_routed.rpt
| Design            : gtx3g_bert_axi_v1_0
| Device            : 7z100i-ffg900
| Speed File        : -2L  PRODUCTION 1.11 2014-09-11
| Temperature Grade : I
------------------------------------------------------------------------------------------------------

Clock Utilization Report

Table of Contents
-----------------
1. Clock Primitive Utilization
2. Global Clock Resources
3. Global Clock Source Details
4. Clock Regions: Key Resource Utilization
5. Clock Regions : Global Clock Summary
6. Device Cell Placement Summary for Global Clock g0
7. Device Cell Placement Summary for Global Clock g1
8. Device Cell Placement Summary for Global Clock g2
9. Clock Region Cell Placement per Global Clock: Region X1Y0
10. Clock Region Cell Placement per Global Clock: Region X1Y1
11. Clock Region Cell Placement per Global Clock: Region X1Y2
12. Clock Region Cell Placement per Global Clock: Region X1Y4

1. Clock Primitive Utilization
------------------------------

+----------+------+-----------+-----+--------------+--------+
| Type     | Used | Available | LOC | Clock Region | Pblock |
+----------+------+-----------+-----+--------------+--------+
| BUFGCTRL |    3 |        32 |   0 |            0 |      0 |
| BUFH     |    0 |       168 |   0 |            0 |      0 |
| BUFIO    |    0 |        32 |   0 |            0 |      0 |
| BUFMR    |    0 |        16 |   0 |            0 |      0 |
| BUFR     |    0 |        32 |   0 |            0 |      0 |
| MMCM     |    0 |         8 |   0 |            0 |      0 |
| PLL      |    0 |         8 |   0 |            0 |      0 |
+----------+------+-----------+-----+--------------+--------+


2. Global Clock Resources
-------------------------

+-----------+-----------+-----------------+------------+----------------+--------------+-------------------+-------------+-----------------+--------------+---------------------------------------------------------------------------------------------------------------------------------+--------------------------------------------------------------------------------------------------------------+------------------------------------------------------------------------------------------------------------+
| Global Id | Source Id | Driver Type/Pin | Constraint | Site           | Clock Region | Load Clock Region | Clock Loads | Non-Clock Loads | Clock Period | Clock                                                                                                                           | Driver Pin                                                                                                   | Net                                                                                                        |
+-----------+-----------+-----------------+------------+----------------+--------------+-------------------+-------------+-----------------+--------------+---------------------------------------------------------------------------------------------------------------------------------+--------------------------------------------------------------------------------------------------------------+------------------------------------------------------------------------------------------------------------+
| g0        | src0      | BUFG/O          | None       | BUFGCTRL_X0Y0  | n/a          |                 3 |        1697 |               1 |        6.667 | gtx3g_bert_axi_v1_0_S00_AXI_inst/gtx3g_bert_0_inst1/inst/gtx3g_support_i/gtx3g_init_i/inst/gtx3g_i/gt0_gtx3g_i/gtxe2_i/TXOUTCLK | gtx3g_bert_axi_v1_0_S00_AXI_inst/gtx3g_bert_0_inst1/inst/gtx3g_support_i/gt_usrclk_source/txoutclk_bufg0_i/O | gtx3g_bert_axi_v1_0_S00_AXI_inst/gtx3g_bert_0_inst1/inst/gtx3g_support_i/gt_usrclk_source/GT0_TXUSRCLK_OUT |
| g1        | src1      | BUFG/O          | None       | BUFGCTRL_X0Y17 | n/a          |                 2 |         596 |               0 |       10.000 | s00_axi_aclk                                                                                                                    | s00_axi_aclk_IBUF_BUFG_inst/O                                                                                | s00_axi_aclk_IBUF_BUFG                                                                                     |
| g2        | src2      | BUFG/O          | None       | BUFGCTRL_X0Y16 | n/a          |                 2 |         540 |               0 |       10.000 | drpclk_in_i                                                                                                                     | gtx3g_bert_axi_v1_0_S00_AXI_inst/gtx3g_bert_0_inst1/inst/DRP_CLK_BUFG/O                                      | gtx3g_bert_axi_v1_0_S00_AXI_inst/gtx3g_bert_0_inst1/inst/drpclk_in_i                                       |
+-----------+-----------+-----------------+------------+----------------+--------------+-------------------+-------------+-----------------+--------------+---------------------------------------------------------------------------------------------------------------------------------+--------------------------------------------------------------------------------------------------------------+------------------------------------------------------------------------------------------------------------+
* Clock Loads column represents the clock pin loads (pin count)
** Non-Clock Loads column represents the non-clock pin loads (pin count)


3. Global Clock Source Details
------------------------------

+-----------+-----------+------------------------+--------------------+--------------------+--------------+-------------+-----------------+---------------------+---------------------------------------------------------------------------------------------------------------------------------+---------------------------------------------------------------------------------------------------------------------------------+---------------------------------------------------------------------------------------------------------------------------------+
| Source Id | Global Id | Driver Type/Pin        | Constraint         | Site               | Clock Region | Clock Loads | Non-Clock Loads | Source Clock Period | Source Clock                                                                                                                    | Driver Pin                                                                                                                      | Net                                                                                                                             |
+-----------+-----------+------------------------+--------------------+--------------------+--------------+-------------+-----------------+---------------------+---------------------------------------------------------------------------------------------------------------------------------+---------------------------------------------------------------------------------------------------------------------------------+---------------------------------------------------------------------------------------------------------------------------------+
| src0      | g0        | GTXE2_CHANNEL/TXOUTCLK | GTXE2_CHANNEL_X0Y5 | GTXE2_CHANNEL_X0Y5 | X1Y1         |           1 |               0 |               6.667 | gtx3g_bert_axi_v1_0_S00_AXI_inst/gtx3g_bert_0_inst1/inst/gtx3g_support_i/gtx3g_init_i/inst/gtx3g_i/gt0_gtx3g_i/gtxe2_i/TXOUTCLK | gtx3g_bert_axi_v1_0_S00_AXI_inst/gtx3g_bert_0_inst1/inst/gtx3g_support_i/gtx3g_init_i/inst/gtx3g_i/gt0_gtx3g_i/gtxe2_i/TXOUTCLK | gtx3g_bert_axi_v1_0_S00_AXI_inst/gtx3g_bert_0_inst1/inst/gtx3g_support_i/gtx3g_init_i/inst/gtx3g_i/gt0_gtx3g_i/gt0_txoutclk_out |
| src1      | g1        | IBUF/O                 | None               | IOB_X1Y278         | X1Y5         |           1 |               0 |              10.000 | s00_axi_aclk                                                                                                                    | s00_axi_aclk_IBUF_inst/O                                                                                                        | s00_axi_aclk_IBUF                                                                                                               |
| src2      | g2        | IBUF/O                 | None               | IOB_X1Y276         | X1Y5         |           1 |               0 |                     |                                                                                                                                 | drpclk_in_IBUF_inst/O                                                                                                           | drpclk_in_IBUF                                                                                                                  |
+-----------+-----------+------------------------+--------------------+--------------------+--------------+-------------+-----------------+---------------------+---------------------------------------------------------------------------------------------------------------------------------+---------------------------------------------------------------------------------------------------------------------------------+---------------------------------------------------------------------------------------------------------------------------------+
* Clock Loads column represents the clock pin loads (pin count)
** Non-Clock Loads column represents the non-clock pin loads (pin count)


4. Clock Regions: Key Resource Utilization
------------------------------------------

+-------------------+--------------+--------------+--------------+--------------+--------------+--------------+--------------+--------------+--------------+--------------+--------------+--------------+--------------+--------------+--------------+
|                   | Global Clock |     BUFRs    |    BUFMRs    |    BUFIOs    |     MMCM     |      PLL     |      GT      |      PCI     |    ILOGIC    |    OLOGIC    |      FF      |     LUTM     |    RAMB18    |    RAMB36    |    DSP48E2   |
+-------------------+------+-------+------+-------+------+-------+------+-------+------+-------+------+-------+------+-------+------+-------+------+-------+------+-------+------+-------+------+-------+------+-------+------+-------+------+-------+
| Clock Region Name | Used | Avail | Used | Avail | Used | Avail | Used | Avail | Used | Avail | Used | Avail | Used | Avail | Used | Avail | Used | Avail | Used | Avail | Used | Avail | Used | Avail | Used | Avail | Used | Avail | Used | Avail |
+-------------------+------+-------+------+-------+------+-------+------+-------+------+-------+------+-------+------+-------+------+-------+------+-------+------+-------+------+-------+------+-------+------+-------+------+-------+------+-------+
| X0Y0              |    0 |    12 |    0 |     4 |    0 |     2 |    0 |     4 |    0 |     1 |    0 |     1 |    0 |     0 |    0 |     0 |    0 |    50 |    0 |    50 |    0 |  5200 |    0 |  2050 |    0 |   120 |    0 |    60 |    0 |   160 |
| X1Y0              |    2 |    12 |    0 |     0 |    0 |     0 |    0 |     0 |    0 |     0 |    0 |     0 |    0 |     4 |    0 |     0 |    0 |     0 |    0 |     0 |   48 |  5100 |   18 |  1950 |    0 |   100 |    0 |    50 |    0 |   140 |
| X0Y1              |    0 |    12 |    0 |     4 |    0 |     2 |    0 |     4 |    0 |     1 |    0 |     1 |    0 |     0 |    0 |     0 |    0 |    50 |    0 |    50 |    0 |  5200 |    0 |  2050 |    0 |   120 |    0 |    60 |    0 |   160 |
| X1Y1              |    3 |    12 |    0 |     0 |    0 |     0 |    0 |     0 |    0 |     0 |    0 |     0 |    2 |     4 |    0 |     0 |    0 |     0 |    0 |     0 | 2715 |  5100 | 1052 |  1950 |    0 |   100 |    1 |    50 |    0 |   140 |
| X0Y2              |    0 |    12 |    0 |     4 |    0 |     2 |    0 |     4 |    0 |     1 |    0 |     1 |    0 |     0 |    0 |     0 |    0 |    50 |    0 |    50 |    0 |  5200 |    0 |  2050 |    0 |   120 |    0 |    60 |    0 |   160 |
| X1Y2              |    1 |    12 |    0 |     0 |    0 |     0 |    0 |     0 |    0 |     0 |    0 |     0 |    0 |     4 |    0 |     0 |    0 |     0 |    0 |     0 |   14 |  5100 |   10 |  1950 |    0 |   100 |    0 |    50 |    0 |   140 |
| X0Y3              |    0 |    12 |    0 |     4 |    0 |     2 |    0 |     4 |    0 |     1 |    0 |     1 |    0 |     0 |    0 |     0 |    0 |    50 |    0 |    50 |    0 |  5200 |    0 |  2050 |    0 |   120 |    0 |    60 |    0 |   160 |
| X1Y3              |    0 |    12 |    0 |     0 |    0 |     0 |    0 |     0 |    0 |     0 |    0 |     0 |    0 |     4 |    0 |     1 |    0 |     0 |    0 |     0 |    0 |  4950 |    0 |  1900 |    0 |    90 |    0 |    45 |    0 |   140 |
| X0Y4              |    0 |    12 |    0 |     4 |    0 |     2 |    0 |     4 |    0 |     1 |    0 |     1 |    0 |     0 |    0 |     0 |    0 |    50 |    0 |    50 |    0 |  5200 |    0 |  2050 |    0 |   120 |    0 |    60 |    0 |   160 |
| X1Y4              |    1 |    12 |    0 |     4 |    0 |     2 |    0 |     4 |    0 |     1 |    0 |     1 |    0 |     0 |    0 |     0 |    0 |    50 |    0 |    50 |    0 |  5500 |    0 |  2050 |    0 |   120 |    0 |    60 |    0 |   140 |
| X0Y5              |    0 |    12 |    0 |     0 |    0 |     0 |    0 |     0 |    0 |     0 |    0 |     0 |    0 |     0 |    0 |     0 |    0 |     0 |    0 |     0 |    0 |  3300 |    0 |  1450 |    0 |    80 |    0 |    40 |    0 |   120 |
| X1Y5              |    0 |    12 |    0 |     4 |    0 |     2 |    0 |     4 |    0 |     1 |    0 |     1 |    0 |     0 |    0 |     0 |    0 |    50 |    0 |    50 |    0 |  5500 |    0 |  2050 |    0 |   120 |    0 |    60 |    0 |   140 |
| X0Y6              |    0 |    12 |    0 |     0 |    0 |     0 |    0 |     0 |    0 |     0 |    0 |     0 |    0 |     0 |    0 |     0 |    0 |     0 |    0 |     0 |    0 |  3300 |    0 |  1450 |    0 |    80 |    0 |    40 |    0 |   120 |
| X1Y6              |    0 |    12 |    0 |     4 |    0 |     2 |    0 |     4 |    0 |     1 |    0 |     1 |    0 |     0 |    0 |     0 |    0 |    50 |    0 |    50 |    0 |  5500 |    0 |  2050 |    0 |   120 |    0 |    60 |    0 |   140 |
+-------------------+------+-------+------+-------+------+-------+------+-------+------+-------+------+-------+------+-------+------+-------+------+-------+------+-------+------+-------+------+-------+------+-------+------+-------+------+-------+
* Global Clock column represents track count; while other columns represents cell counts


5. Clock Regions : Global Clock Summary
---------------------------------------

+----+----+----+
|    | X0 | X1 |
+----+----+----+
| Y6 |  0 |  0 |
| Y5 |  0 |  0 |
| Y4 |  0 |  1 |
| Y3 |  0 |  0 |
| Y2 |  0 |  1 |
| Y1 |  0 |  3 |
| Y0 |  0 |  2 |
+----+----+----+


6. Device Cell Placement Summary for Global Clock g0
----------------------------------------------------

+-----------+-----------------+-------------------+---------------------------------------------------------------------------------------------------------------------------------+-------------+---------------+-------------+----------+----------------+----------+------------------------------------------------------------------------------------------------------------+
| Global Id | Driver Type/Pin | Driver Region (D) | Clock                                                                                                                           | Period (ns) | Waveform (ns) | Slice Loads | IO Loads | Clocking Loads | GT Loads | Net                                                                                                        |
+-----------+-----------------+-------------------+---------------------------------------------------------------------------------------------------------------------------------+-------------+---------------+-------------+----------+----------------+----------+------------------------------------------------------------------------------------------------------------+
| g0        | BUFG/O          | n/a               | gtx3g_bert_axi_v1_0_S00_AXI_inst/gtx3g_bert_0_inst1/inst/gtx3g_support_i/gtx3g_init_i/inst/gtx3g_i/gt0_gtx3g_i/gtxe2_i/TXOUTCLK |       6.667 | {0.000 3.333} |        1688 |        1 |              0 |        2 | gtx3g_bert_axi_v1_0_S00_AXI_inst/gtx3g_bert_0_inst1/inst/gtx3g_support_i/gt_usrclk_source/GT0_TXUSRCLK_OUT |
+-----------+-----------------+-------------------+---------------------------------------------------------------------------------------------------------------------------------+-------------+---------------+-------------+----------+----------------+----------+------------------------------------------------------------------------------------------------------------+
* Logic Loads column represents load cell count of all cell types other than IO, GT and clock resources
** IO Loads column represents load cell count of IO types
*** Clocking Loads column represents load cell count that are clock resources (global clock buffer, MMCM, PLL, etc)
**** GT Loads column represents load cell count of GT types


+----+----+-------+
|    | X0 | X1    |
+----+----+-------+
| Y6 |  0 |     0 |
| Y5 |  0 |     0 |
| Y4 |  0 |     1 |
| Y3 |  0 |     0 |
| Y2 |  0 |     0 |
| Y1 |  0 |  1674 |
| Y0 |  0 |    16 |
+----+----+-------+


7. Device Cell Placement Summary for Global Clock g1
----------------------------------------------------

+-----------+-----------------+-------------------+--------------+-------------+---------------+-------------+----------+----------------+----------+------------------------+
| Global Id | Driver Type/Pin | Driver Region (D) | Clock        | Period (ns) | Waveform (ns) | Slice Loads | IO Loads | Clocking Loads | GT Loads | Net                    |
+-----------+-----------------+-------------------+--------------+-------------+---------------+-------------+----------+----------------+----------+------------------------+
| g1        | BUFG/O          | n/a               | s00_axi_aclk |      10.000 | {0.000 5.000} |         596 |        0 |              0 |        0 | s00_axi_aclk_IBUF_BUFG |
+-----------+-----------------+-------------------+--------------+-------------+---------------+-------------+----------+----------------+----------+------------------------+
* Logic Loads column represents load cell count of all cell types other than IO, GT and clock resources
** IO Loads column represents load cell count of IO types
*** Clocking Loads column represents load cell count that are clock resources (global clock buffer, MMCM, PLL, etc)
**** GT Loads column represents load cell count of GT types


+----+----+------+
|    | X0 | X1   |
+----+----+------+
| Y6 |  0 |    0 |
| Y5 |  0 |    0 |
| Y4 |  0 |    0 |
| Y3 |  0 |    0 |
| Y2 |  0 |   14 |
| Y1 |  0 |  582 |
| Y0 |  0 |    0 |
+----+----+------+


8. Device Cell Placement Summary for Global Clock g2
----------------------------------------------------

+-----------+-----------------+-------------------+-------------+-------------+---------------+-------------+----------+----------------+----------+----------------------------------------------------------------------+
| Global Id | Driver Type/Pin | Driver Region (D) | Clock       | Period (ns) | Waveform (ns) | Slice Loads | IO Loads | Clocking Loads | GT Loads | Net                                                                  |
+-----------+-----------------+-------------------+-------------+-------------+---------------+-------------+----------+----------------+----------+----------------------------------------------------------------------+
| g2        | BUFG/O          | n/a               | drpclk_in_i |      10.000 | {0.000 5.000} |         537 |        0 |              0 |        3 | gtx3g_bert_axi_v1_0_S00_AXI_inst/gtx3g_bert_0_inst1/inst/drpclk_in_i |
+-----------+-----------------+-------------------+-------------+-------------+---------------+-------------+----------+----------------+----------+----------------------------------------------------------------------+
* Logic Loads column represents load cell count of all cell types other than IO, GT and clock resources
** IO Loads column represents load cell count of IO types
*** Clocking Loads column represents load cell count that are clock resources (global clock buffer, MMCM, PLL, etc)
**** GT Loads column represents load cell count of GT types


+----+----+------+
|    | X0 | X1   |
+----+----+------+
| Y6 |  0 |    0 |
| Y5 |  0 |    0 |
| Y4 |  0 |    0 |
| Y3 |  0 |    0 |
| Y2 |  0 |    0 |
| Y1 |  0 |  508 |
| Y0 |  0 |   32 |
+----+----+------+


9. Clock Region Cell Placement per Global Clock: Region X1Y0
------------------------------------------------------------

+-----------+-------+-----------------+------------+-------------+-----------------+----+--------+------+-----+----+------+-----+---------+------------------------------------------------------------------------------------------------------------+
| Global Id | Track | Driver Type/Pin | Constraint | Clock Loads | Non-Clock Loads | FF | LUTRAM | RAMB | DSP | GT | MMCM | PLL | Hard IP | Net                                                                                                        |
+-----------+-------+-----------------+------------+-------------+-----------------+----+--------+------+-----+----+------+-----+---------+------------------------------------------------------------------------------------------------------------+
| g0        | n/a   | BUFG/O          | None       |          16 |               0 | 16 |      0 |    0 |   0 |  0 |    0 |   0 |       0 | gtx3g_bert_axi_v1_0_S00_AXI_inst/gtx3g_bert_0_inst1/inst/gtx3g_support_i/gt_usrclk_source/GT0_TXUSRCLK_OUT |
| g2        | n/a   | BUFG/O          | None       |          32 |               0 | 32 |      0 |    0 |   0 |  0 |    0 |   0 |       0 | gtx3g_bert_axi_v1_0_S00_AXI_inst/gtx3g_bert_0_inst1/inst/drpclk_in_i                                       |
+-----------+-------+-----------------+------------+-------------+-----------------+----+--------+------+-----+----+------+-----+---------+------------------------------------------------------------------------------------------------------------+
* Clock Loads column represents the clock pin loads (pin count)
** Non-Clock Loads column represents the non-clock pin loads (pin count)
*** Columns FF, LUTRAM, RAMB through 'Hard IP' represents load cell counts


10. Clock Region Cell Placement per Global Clock: Region X1Y1
-------------------------------------------------------------

+-----------+-------+-----------------+------------+-------------+-----------------+------+--------+------+-----+----+------+-----+---------+------------------------------------------------------------------------------------------------------------+
| Global Id | Track | Driver Type/Pin | Constraint | Clock Loads | Non-Clock Loads | FF   | LUTRAM | RAMB | DSP | GT | MMCM | PLL | Hard IP | Net                                                                                                        |
+-----------+-------+-----------------+------------+-------------+-----------------+------+--------+------+-----+----+------+-----+---------+------------------------------------------------------------------------------------------------------------+
| g0        | n/a   | BUFG/O          | None       |        1674 |               0 | 1629 |     41 |    1 |   0 |  2 |    0 |   0 |       0 | gtx3g_bert_axi_v1_0_S00_AXI_inst/gtx3g_bert_0_inst1/inst/gtx3g_support_i/gt_usrclk_source/GT0_TXUSRCLK_OUT |
| g1        | n/a   | BUFG/O          | None       |         582 |               0 |  581 |      0 |    1 |   0 |  0 |    0 |   0 |       0 | s00_axi_aclk_IBUF_BUFG                                                                                     |
| g2        | n/a   | BUFG/O          | None       |         508 |               0 |  505 |      0 |    0 |   0 |  2 |    0 |   0 |       0 | gtx3g_bert_axi_v1_0_S00_AXI_inst/gtx3g_bert_0_inst1/inst/drpclk_in_i                                       |
+-----------+-------+-----------------+------------+-------------+-----------------+------+--------+------+-----+----+------+-----+---------+------------------------------------------------------------------------------------------------------------+
* Clock Loads column represents the clock pin loads (pin count)
** Non-Clock Loads column represents the non-clock pin loads (pin count)
*** Columns FF, LUTRAM, RAMB through 'Hard IP' represents load cell counts


11. Clock Region Cell Placement per Global Clock: Region X1Y2
-------------------------------------------------------------

+-----------+-------+-----------------+------------+-------------+-----------------+----+--------+------+-----+----+------+-----+---------+------------------------+
| Global Id | Track | Driver Type/Pin | Constraint | Clock Loads | Non-Clock Loads | FF | LUTRAM | RAMB | DSP | GT | MMCM | PLL | Hard IP | Net                    |
+-----------+-------+-----------------+------------+-------------+-----------------+----+--------+------+-----+----+------+-----+---------+------------------------+
| g1        | n/a   | BUFG/O          | None       |          14 |               0 | 14 |      0 |    0 |   0 |  0 |    0 |   0 |       0 | s00_axi_aclk_IBUF_BUFG |
+-----------+-------+-----------------+------------+-------------+-----------------+----+--------+------+-----+----+------+-----+---------+------------------------+
* Clock Loads column represents the clock pin loads (pin count)
** Non-Clock Loads column represents the non-clock pin loads (pin count)
*** Columns FF, LUTRAM, RAMB through 'Hard IP' represents load cell counts


12. Clock Region Cell Placement per Global Clock: Region X1Y4
-------------------------------------------------------------

+-----------+-------+-----------------+------------+-------------+-----------------+----+--------+------+-----+----+------+-----+---------+------------------------------------------------------------------------------------------------------------+
| Global Id | Track | Driver Type/Pin | Constraint | Clock Loads | Non-Clock Loads | FF | LUTRAM | RAMB | DSP | GT | MMCM | PLL | Hard IP | Net                                                                                                        |
+-----------+-------+-----------------+------------+-------------+-----------------+----+--------+------+-----+----+------+-----+---------+------------------------------------------------------------------------------------------------------------+
| g0        | n/a   | BUFG/O          | None       |           0 |               1 |  0 |      0 |    0 |   0 |  0 |    0 |   0 |       0 | gtx3g_bert_axi_v1_0_S00_AXI_inst/gtx3g_bert_0_inst1/inst/gtx3g_support_i/gt_usrclk_source/GT0_TXUSRCLK_OUT |
+-----------+-------+-----------------+------------+-------------+-----------------+----+--------+------+-----+----+------+-----+---------+------------------------------------------------------------------------------------------------------------+
* Clock Loads column represents the clock pin loads (pin count)
** Non-Clock Loads column represents the non-clock pin loads (pin count)
*** Columns FF, LUTRAM, RAMB through 'Hard IP' represents load cell counts



# Location of BUFG Primitives 
set_property LOC BUFGCTRL_X0Y17 [get_cells s00_axi_aclk_IBUF_BUFG_inst]
set_property LOC BUFGCTRL_X0Y0 [get_cells gtx3g_bert_axi_v1_0_S00_AXI_inst/gtx3g_bert_0_inst1/inst/gtx3g_support_i/gt_usrclk_source/txoutclk_bufg0_i]
set_property LOC BUFGCTRL_X0Y16 [get_cells gtx3g_bert_axi_v1_0_S00_AXI_inst/gtx3g_bert_0_inst1/inst/DRP_CLK_BUFG]

# Location of IO Primitives which is load of clock spine
set_property LOC IOB_X1Y249 [get_cells user_clk_OBUF_inst]

# Location of clock ports
set_property LOC IOB_X1Y276 [get_ports drpclk_in]
set_property LOC IOB_X1Y278 [get_ports s00_axi_aclk]

# Clock net "s00_axi_aclk_IBUF_BUFG" driven by instance "s00_axi_aclk_IBUF_BUFG_inst" located at site "BUFGCTRL_X0Y17"
#startgroup
create_pblock {CLKAG_s00_axi_aclk_IBUF_BUFG}
add_cells_to_pblock [get_pblocks  {CLKAG_s00_axi_aclk_IBUF_BUFG}] [get_cells -filter { PRIMITIVE_GROUP != I/O && IS_PRIMITIVE==1 && PRIMITIVE_LEVEL !=INTERNAL } -of_object [get_pins -filter {DIRECTION==IN} -of_objects [get_nets -hierarchical -filter {PARENT=="s00_axi_aclk_IBUF_BUFG"}]]]
resize_pblock [get_pblocks {CLKAG_s00_axi_aclk_IBUF_BUFG}] -add {CLOCKREGION_X1Y1:CLOCKREGION_X1Y1 CLOCKREGION_X1Y2:CLOCKREGION_X1Y2}
#endgroup

# Clock net "gtx3g_bert_axi_v1_0_S00_AXI_inst/gtx3g_bert_0_inst1/inst/gtx3g_support_i/gt_usrclk_source/GT0_TXUSRCLK_OUT" driven by instance "gtx3g_bert_axi_v1_0_S00_AXI_inst/gtx3g_bert_0_inst1/inst/gtx3g_support_i/gt_usrclk_source/txoutclk_bufg0_i" located at site "BUFGCTRL_X0Y0"
#startgroup
create_pblock {CLKAG_gtx3g_bert_axi_v1_0_S00_AXI_inst/gtx3g_bert_0_inst1/inst/gtx3g_support_i/gt_usrclk_source/GT0_TXUSRCLK_OUT}
add_cells_to_pblock [get_pblocks  {CLKAG_gtx3g_bert_axi_v1_0_S00_AXI_inst/gtx3g_bert_0_inst1/inst/gtx3g_support_i/gt_usrclk_source/GT0_TXUSRCLK_OUT}] [get_cells -filter { PRIMITIVE_GROUP != I/O && IS_PRIMITIVE==1 && PRIMITIVE_LEVEL !=INTERNAL && NAME!=user_clk_OBUF_inst} -of_object [get_pins -filter {DIRECTION==IN} -of_objects [get_nets -hierarchical -filter {PARENT=="gtx3g_bert_axi_v1_0_S00_AXI_inst/gtx3g_bert_0_inst1/inst/gtx3g_support_i/gt_usrclk_source/GT0_TXUSRCLK_OUT"}]]]
resize_pblock [get_pblocks {CLKAG_gtx3g_bert_axi_v1_0_S00_AXI_inst/gtx3g_bert_0_inst1/inst/gtx3g_support_i/gt_usrclk_source/GT0_TXUSRCLK_OUT}] -add {CLOCKREGION_X1Y0:CLOCKREGION_X1Y0 CLOCKREGION_X1Y1:CLOCKREGION_X1Y1}
#endgroup

# Clock net "gtx3g_bert_axi_v1_0_S00_AXI_inst/gtx3g_bert_0_inst1/inst/drpclk_in_i" driven by instance "gtx3g_bert_axi_v1_0_S00_AXI_inst/gtx3g_bert_0_inst1/inst/DRP_CLK_BUFG" located at site "BUFGCTRL_X0Y16"
#startgroup
create_pblock {CLKAG_gtx3g_bert_axi_v1_0_S00_AXI_inst/gtx3g_bert_0_inst1/inst/drpclk_in_i}
add_cells_to_pblock [get_pblocks  {CLKAG_gtx3g_bert_axi_v1_0_S00_AXI_inst/gtx3g_bert_0_inst1/inst/drpclk_in_i}] [get_cells -filter { PRIMITIVE_GROUP != I/O && IS_PRIMITIVE==1 && PRIMITIVE_LEVEL !=INTERNAL } -of_object [get_pins -filter {DIRECTION==IN} -of_objects [get_nets -hierarchical -filter {PARENT=="gtx3g_bert_axi_v1_0_S00_AXI_inst/gtx3g_bert_0_inst1/inst/drpclk_in_i"}]]]
resize_pblock [get_pblocks {CLKAG_gtx3g_bert_axi_v1_0_S00_AXI_inst/gtx3g_bert_0_inst1/inst/drpclk_in_i}] -add {CLOCKREGION_X1Y0:CLOCKREGION_X1Y0 CLOCKREGION_X1Y1:CLOCKREGION_X1Y1}
#endgroup
