
*** Running vivado
    with args -log gtx3g_bert_axi_v1_0.vdi -applog -m64 -product Vivado -messageDb vivado.pb -mode batch -source gtx3g_bert_axi_v1_0.tcl -notrace


****** Vivado v2017.2 (64-bit)
  **** SW Build 1909853 on Thu Jun 15 18:39:09 MDT 2017
  **** IP Build 1909766 on Thu Jun 15 19:58:00 MDT 2017
    ** Copyright 1986-2017 Xilinx, Inc. All Rights Reserved.

source gtx3g_bert_axi_v1_0.tcl -notrace
Design is defaulting to srcset: sources_1
Design is defaulting to constrset: constrs_1
INFO: [Project 1-454] Reading design checkpoint 'E:/ljzhu/test_gtx/gtx3g_ex/gtx3g_ex.tmp/gtx3g_bert_axi_v1_0_project/gtx3g_bert_axi_v1_0_project.runs/impl_1/.Xil/Vivado-6864-FPGA-PC/async_dual_port_bram/async_dual_port_bram.dcp' for cell 'gtx3g_bert_axi_v1_0_S00_AXI_inst/async_dual_port_bram_inst_1'
INFO: [Project 1-454] Reading design checkpoint 'E:/ljzhu/test_gtx/gtx3g_ex/gtx3g_ex.tmp/gtx3g_bert_axi_v1_0_project/gtx3g_bert_axi_v1_0_project.runs/impl_1/.Xil/Vivado-6864-FPGA-PC/gtx3g_bert_0_3/gtx3g_bert_0.dcp' for cell 'gtx3g_bert_axi_v1_0_S00_AXI_inst/gtx3g_bert_0_inst1'
INFO: [Netlist 29-17] Analyzing 163 Unisim elements for replacement
INFO: [Netlist 29-28] Unisim Transformation completed in 0 CPU seconds
INFO: [Project 1-479] Netlist was created with Vivado 2017.2
INFO: [Device 21-403] Loading part xc7z100iffg900-2L
INFO: [Project 1-570] Preparing netlist for logic optimization
Parsing XDC File [e:/ljzhu/test_gtx/gtx3g_ex/gtx3g_ex.tmp/gtx3g_bert_axi_v1_0_project/gtx3g_bert_axi_v1_0_project.srcs/sources_1/ip/gtx3g_bert_0_3/src/rx_word_fifo/rx_word_fifo.xdc] for cell 'gtx3g_bert_axi_v1_0_S00_AXI_inst/gtx3g_bert_0_inst1/inst/gt1_frame_check/rx_word_fifo_inst_1/U0'
Finished Parsing XDC File [e:/ljzhu/test_gtx/gtx3g_ex/gtx3g_ex.tmp/gtx3g_bert_axi_v1_0_project/gtx3g_bert_axi_v1_0_project.srcs/sources_1/ip/gtx3g_bert_0_3/src/rx_word_fifo/rx_word_fifo.xdc] for cell 'gtx3g_bert_axi_v1_0_S00_AXI_inst/gtx3g_bert_0_inst1/inst/gt1_frame_check/rx_word_fifo_inst_1/U0'
Parsing XDC File [e:/ljzhu/test_gtx/gtx3g_ex/gtx3g_ex.tmp/gtx3g_bert_axi_v1_0_project/gtx3g_bert_axi_v1_0_project.srcs/sources_1/ip/gtx3g_bert_0_3/src/rx_word_fifo/rx_word_fifo.xdc] for cell 'gtx3g_bert_axi_v1_0_S00_AXI_inst/gtx3g_bert_0_inst1/inst/gt0_frame_check/rx_word_fifo_inst_1/U0'
Finished Parsing XDC File [e:/ljzhu/test_gtx/gtx3g_ex/gtx3g_ex.tmp/gtx3g_bert_axi_v1_0_project/gtx3g_bert_axi_v1_0_project.srcs/sources_1/ip/gtx3g_bert_0_3/src/rx_word_fifo/rx_word_fifo.xdc] for cell 'gtx3g_bert_axi_v1_0_S00_AXI_inst/gtx3g_bert_0_inst1/inst/gt0_frame_check/rx_word_fifo_inst_1/U0'
Parsing XDC File [e:/ljzhu/test_gtx/gtx3g_ex/gtx3g_ex.tmp/gtx3g_bert_axi_v1_0_project/gtx3g_bert_axi_v1_0_project.srcs/sources_1/ip/gtx3g_bert_0_3/src/gtx3g/gtx3g.xdc] for cell 'gtx3g_bert_axi_v1_0_S00_AXI_inst/gtx3g_bert_0_inst1/inst/gtx3g_support_i/gtx3g_init_i/inst'
Finished Parsing XDC File [e:/ljzhu/test_gtx/gtx3g_ex/gtx3g_ex.tmp/gtx3g_bert_axi_v1_0_project/gtx3g_bert_axi_v1_0_project.srcs/sources_1/ip/gtx3g_bert_0_3/src/gtx3g/gtx3g.xdc] for cell 'gtx3g_bert_axi_v1_0_S00_AXI_inst/gtx3g_bert_0_inst1/inst/gtx3g_support_i/gtx3g_init_i/inst'
Parsing XDC File [e:/ljzhu/test_gtx/gtx3g_ex/gtx3g_ex.tmp/gtx3g_bert_axi_v1_0_project/gtx3g_bert_axi_v1_0_project.srcs/sources_1/ip/gtx3g_bert_0_3/src/gtx3g_exdes_packaging.xdc] for cell 'gtx3g_bert_axi_v1_0_S00_AXI_inst/gtx3g_bert_0_inst1/inst'
Finished Parsing XDC File [e:/ljzhu/test_gtx/gtx3g_ex/gtx3g_ex.tmp/gtx3g_bert_axi_v1_0_project/gtx3g_bert_axi_v1_0_project.srcs/sources_1/ip/gtx3g_bert_0_3/src/gtx3g_exdes_packaging.xdc] for cell 'gtx3g_bert_axi_v1_0_S00_AXI_inst/gtx3g_bert_0_inst1/inst'
Parsing XDC File [E:/ljzhu/test_gtx/gtx3g_ex/gtx3g_ex.tmp/gtx3g_bert_axi_v1_0_project/gtx3g_bert_axi_v1_0_project.srcs/constrs_1/new/gtx3g_bert_axi_v1_0.xdc]
Finished Parsing XDC File [E:/ljzhu/test_gtx/gtx3g_ex/gtx3g_ex.tmp/gtx3g_bert_axi_v1_0_project/gtx3g_bert_axi_v1_0_project.srcs/constrs_1/new/gtx3g_bert_axi_v1_0.xdc]
INFO: [Opt 31-138] Pushed 0 inverter(s) to 0 load pin(s).
INFO: [Project 1-111] Unisim Transformation Summary:
No Unisim elements were transformed.

link_design: Time (s): cpu = 00:00:08 ; elapsed = 00:00:09 . Memory (MB): peak = 685.387 ; gain = 393.121
Command: opt_design
Attempting to get a license for feature 'Implementation' and/or device 'xc7z100i-ffg900'
INFO: [Common 17-349] Got license for feature 'Implementation' and/or device 'xc7z100i-ffg900'
Running DRC as a precondition to command opt_design

Starting DRC Task
Command: report_drc (run_mandatory_drcs) for: opt_checks
INFO: [DRC 23-27] Running DRC with 2 threads
report_drc (run_mandatory_drcs) completed successfully
INFO: [Project 1-461] DRC finished with 0 Errors
INFO: [Project 1-462] Please refer to the DRC report (report_drc) for more information.

Time (s): cpu = 00:00:01 ; elapsed = 00:00:00.671 . Memory (MB): peak = 706.180 ; gain = 0.000
INFO: [Timing 38-35] Done setting XDC timing constraints.

Starting Logic Optimization Task

Phase 1 Retarget
INFO: [Opt 31-138] Pushed 0 inverter(s) to 0 load pin(s).
INFO: [Opt 31-49] Retargeted 0 cell(s).
Phase 1 Retarget | Checksum: 1d6218f5d

Time (s): cpu = 00:00:01 ; elapsed = 00:00:00.258 . Memory (MB): peak = 1073.527 ; gain = 0.000
INFO: [Opt 31-389] Phase Retarget created 0 cells and removed 265 cells

Phase 2 Constant propagation
INFO: [Opt 31-138] Pushed 0 inverter(s) to 0 load pin(s).
Phase 2 Constant propagation | Checksum: 149158c64

Time (s): cpu = 00:00:01 ; elapsed = 00:00:00.359 . Memory (MB): peak = 1073.527 ; gain = 0.000
INFO: [Opt 31-389] Phase Constant propagation created 14 cells and removed 20 cells

Phase 3 Sweep
Phase 3 Sweep | Checksum: 15751feab

Time (s): cpu = 00:00:01 ; elapsed = 00:00:00.522 . Memory (MB): peak = 1073.527 ; gain = 0.000
INFO: [Opt 31-389] Phase Sweep created 0 cells and removed 26 cells

Phase 4 BUFG optimization
Phase 4 BUFG optimization | Checksum: 15751feab

Time (s): cpu = 00:00:01 ; elapsed = 00:00:00.594 . Memory (MB): peak = 1073.527 ; gain = 0.000
INFO: [Opt 31-389] Phase BUFG optimization created 0 cells and removed 0 cells

Phase 5 Shift Register Optimization
Phase 5 Shift Register Optimization | Checksum: 15751feab

Time (s): cpu = 00:00:01 ; elapsed = 00:00:00.602 . Memory (MB): peak = 1073.527 ; gain = 0.000
INFO: [Opt 31-389] Phase Shift Register Optimization created 0 cells and removed 0 cells

Starting Connectivity Check Task

Time (s): cpu = 00:00:00 ; elapsed = 00:00:00.008 . Memory (MB): peak = 1073.527 ; gain = 0.000
Ending Logic Optimization Task | Checksum: 15751feab

Time (s): cpu = 00:00:01 ; elapsed = 00:00:00.623 . Memory (MB): peak = 1073.527 ; gain = 0.000

Starting Power Optimization Task
INFO: [Pwropt 34-132] Skipping clock gating for clocks with a period < 2.00 ns.
INFO: [Pwropt 34-9] Applying IDT optimizations ...
INFO: [Pwropt 34-10] Applying ODC optimizations ...
INFO: [Timing 38-35] Done setting XDC timing constraints.
Running Vector-less Activity Propagation...

Finished Running Vector-less Activity Propagation


Starting PowerOpt Patch Enables Task
INFO: [Pwropt 34-162] WRITE_MODE attribute of 0 BRAM(s) out of a total of 2 has been updated to save power. Run report_power_opt to get a complete listing of the BRAMs updated.
INFO: [Pwropt 34-201] Structural ODC has moved 0 WE to EN ports
Number of BRAM Ports augmented: 1 newly gated: 2 Total Ports: 4
Ending PowerOpt Patch Enables Task | Checksum: 1252af30b

Time (s): cpu = 00:00:00 ; elapsed = 00:00:00.020 . Memory (MB): peak = 1181.820 ; gain = 0.000
Ending Power Optimization Task | Checksum: 1252af30b

Time (s): cpu = 00:00:03 ; elapsed = 00:00:02 . Memory (MB): peak = 1181.820 ; gain = 108.293
28 Infos, 0 Warnings, 0 Critical Warnings and 0 Errors encountered.
opt_design completed successfully
opt_design: Time (s): cpu = 00:00:16 ; elapsed = 00:00:14 . Memory (MB): peak = 1181.820 ; gain = 496.434
Writing placer database...
Writing XDEF routing.
Writing XDEF routing logical nets.
Writing XDEF routing special nets.
Write XDEF Complete: Time (s): cpu = 00:00:00 ; elapsed = 00:00:00.052 . Memory (MB): peak = 1181.820 ; gain = 0.000
INFO: [Common 17-1381] The checkpoint 'E:/ljzhu/test_gtx/gtx3g_ex/gtx3g_ex.tmp/gtx3g_bert_axi_v1_0_project/gtx3g_bert_axi_v1_0_project.runs/impl_1/gtx3g_bert_axi_v1_0_opt.dcp' has been generated.
Command: report_drc -file gtx3g_bert_axi_v1_0_drc_opted.rpt
INFO: [DRC 23-27] Running DRC with 2 threads
INFO: [Coretcl 2-168] The results of DRC are in file E:/ljzhu/test_gtx/gtx3g_ex/gtx3g_ex.tmp/gtx3g_bert_axi_v1_0_project/gtx3g_bert_axi_v1_0_project.runs/impl_1/gtx3g_bert_axi_v1_0_drc_opted.rpt.
report_drc completed successfully
INFO: [Chipscope 16-241] No debug cores found in the current design.
Before running the implement_debug_core command, either use the Set Up Debug wizard (GUI mode)
or use the create_debug_core and connect_debug_core Tcl commands to insert debug cores into the design.
Command: place_design
Attempting to get a license for feature 'Implementation' and/or device 'xc7z100i-ffg900'
INFO: [Common 17-349] Got license for feature 'Implementation' and/or device 'xc7z100i-ffg900'
Command: report_drc (run_mandatory_drcs) for: incr_eco_checks
INFO: [DRC 23-27] Running DRC with 2 threads
report_drc (run_mandatory_drcs) completed successfully
INFO: [Vivado_Tcl 4-198] DRC finished with 0 Errors
INFO: [Vivado_Tcl 4-199] Please refer to the DRC report (report_drc) for more information.
Running DRC as a precondition to command place_design
Command: report_drc (run_mandatory_drcs) for: placer_checks
INFO: [DRC 23-27] Running DRC with 2 threads
WARNING: [DRC REQP-1839] RAMB36 async control check: The RAMB36E1 gtx3g_bert_axi_v1_0_S00_AXI_inst/async_dual_port_bram_inst_1/U0/inst_blk_mem_gen/gnbram.gnativebmg.native_blk_mem_gen/valid.cstr/ramloop[0].ram.r/prim_noinit.ram/DEVICE_7SERIES.NO_BMM_INFO.TRUE_DP.SIMPLE_PRIM36.ram has an input control pin gtx3g_bert_axi_v1_0_S00_AXI_inst/async_dual_port_bram_inst_1/U0/inst_blk_mem_gen/gnbram.gnativebmg.native_blk_mem_gen/valid.cstr/ramloop[0].ram.r/prim_noinit.ram/DEVICE_7SERIES.NO_BMM_INFO.TRUE_DP.SIMPLE_PRIM36.ram/ENBWREN (net: gtx3g_bert_axi_v1_0_S00_AXI_inst/async_dual_port_bram_inst_1/U0/inst_blk_mem_gen/gnbram.gnativebmg.native_blk_mem_gen/valid.cstr/ramloop[0].ram.r/prim_noinit.ram/DEVICE_7SERIES.NO_BMM_INFO.TRUE_DP.SIMPLE_PRIM36.ram_ENBWREN_cooolgate_en_sig_1) which is driven by a register (gtx3g_bert_axi_v1_0_S00_AXI_inst/gtx3g_bert_0_inst1/inst/gt0_rxresetdone_r3_reg) that has an active asychronous set or reset. This may cause corruption of the memory contents and/or read values when the set/reset is asserted and is not analyzed by the default static timing analysis. It is suggested to eliminate the use of a set/reset to registers driving this RAMB pin or else use a synchronous reset in which the assertion of the reset is timed by default.
WARNING: [DRC REQP-1839] RAMB36 async control check: The RAMB36E1 gtx3g_bert_axi_v1_0_S00_AXI_inst/async_dual_port_bram_inst_1/U0/inst_blk_mem_gen/gnbram.gnativebmg.native_blk_mem_gen/valid.cstr/ramloop[0].ram.r/prim_noinit.ram/DEVICE_7SERIES.NO_BMM_INFO.TRUE_DP.SIMPLE_PRIM36.ram has an input control pin gtx3g_bert_axi_v1_0_S00_AXI_inst/async_dual_port_bram_inst_1/U0/inst_blk_mem_gen/gnbram.gnativebmg.native_blk_mem_gen/valid.cstr/ramloop[0].ram.r/prim_noinit.ram/DEVICE_7SERIES.NO_BMM_INFO.TRUE_DP.SIMPLE_PRIM36.ram/ENBWREN (net: gtx3g_bert_axi_v1_0_S00_AXI_inst/async_dual_port_bram_inst_1/U0/inst_blk_mem_gen/gnbram.gnativebmg.native_blk_mem_gen/valid.cstr/ramloop[0].ram.r/prim_noinit.ram/DEVICE_7SERIES.NO_BMM_INFO.TRUE_DP.SIMPLE_PRIM36.ram_ENBWREN_cooolgate_en_sig_1) which is driven by a register (gtx3g_bert_axi_v1_0_S00_AXI_inst/gtx3g_bert_0_inst1/inst/gt0_txfsmresetdone_r2_reg) that has an active asychronous set or reset. This may cause corruption of the memory contents and/or read values when the set/reset is asserted and is not analyzed by the default static timing analysis. It is suggested to eliminate the use of a set/reset to registers driving this RAMB pin or else use a synchronous reset in which the assertion of the reset is timed by default.
WARNING: [DRC REQP-1839] RAMB36 async control check: The RAMB36E1 gtx3g_bert_axi_v1_0_S00_AXI_inst/async_dual_port_bram_inst_1/U0/inst_blk_mem_gen/gnbram.gnativebmg.native_blk_mem_gen/valid.cstr/ramloop[0].ram.r/prim_noinit.ram/DEVICE_7SERIES.NO_BMM_INFO.TRUE_DP.SIMPLE_PRIM36.ram has an input control pin gtx3g_bert_axi_v1_0_S00_AXI_inst/async_dual_port_bram_inst_1/U0/inst_blk_mem_gen/gnbram.gnativebmg.native_blk_mem_gen/valid.cstr/ramloop[0].ram.r/prim_noinit.ram/DEVICE_7SERIES.NO_BMM_INFO.TRUE_DP.SIMPLE_PRIM36.ram/ENBWREN (net: gtx3g_bert_axi_v1_0_S00_AXI_inst/async_dual_port_bram_inst_1/U0/inst_blk_mem_gen/gnbram.gnativebmg.native_blk_mem_gen/valid.cstr/ramloop[0].ram.r/prim_noinit.ram/DEVICE_7SERIES.NO_BMM_INFO.TRUE_DP.SIMPLE_PRIM36.ram_ENBWREN_cooolgate_en_sig_1) which is driven by a register (gtx3g_bert_axi_v1_0_S00_AXI_inst/gtx3g_bert_0_inst1/inst/gt1_txfsmresetdone_r2_reg) that has an active asychronous set or reset. This may cause corruption of the memory contents and/or read values when the set/reset is asserted and is not analyzed by the default static timing analysis. It is suggested to eliminate the use of a set/reset to registers driving this RAMB pin or else use a synchronous reset in which the assertion of the reset is timed by default.
report_drc (run_mandatory_drcs) completed successfully
INFO: [Vivado_Tcl 4-198] DRC finished with 0 Errors, 3 Warnings
INFO: [Vivado_Tcl 4-199] Please refer to the DRC report (report_drc) for more information.

Starting Placer Task
INFO: [Place 30-611] Multithreading enabled for place_design using a maximum of 2 CPUs

Phase 1 Placer Initialization

Phase 1.1 Placer Initialization Netlist Sorting
Netlist sorting complete. Time (s): cpu = 00:00:00 ; elapsed = 00:00:00.014 . Memory (MB): peak = 1181.820 ; gain = 0.000
Phase 1.1 Placer Initialization Netlist Sorting | Checksum: 116d8c262

Time (s): cpu = 00:00:00 ; elapsed = 00:00:00.018 . Memory (MB): peak = 1181.820 ; gain = 0.000
INFO: [Timing 38-35] Done setting XDC timing constraints.
INFO: [Opt 31-138] Pushed 0 inverter(s) to 0 load pin(s).
Netlist sorting complete. Time (s): cpu = 00:00:00 ; elapsed = 00:00:00.005 . Memory (MB): peak = 1181.820 ; gain = 0.000

Phase 1.2 IO Placement/ Clock Placement/ Build Placer Device
INFO: [Timing 38-35] Done setting XDC timing constraints.
Phase 1.2 IO Placement/ Clock Placement/ Build Placer Device | Checksum: a5a2e59a

Time (s): cpu = 00:00:08 ; elapsed = 00:00:05 . Memory (MB): peak = 1181.820 ; gain = 0.000

Phase 1.3 Build Placer Netlist Model
Phase 1.3 Build Placer Netlist Model | Checksum: a8285899

Time (s): cpu = 00:00:10 ; elapsed = 00:00:05 . Memory (MB): peak = 1181.820 ; gain = 0.000

Phase 1.4 Constrain Clocks/Macros
Phase 1.4 Constrain Clocks/Macros | Checksum: a8285899

Time (s): cpu = 00:00:10 ; elapsed = 00:00:05 . Memory (MB): peak = 1181.820 ; gain = 0.000
Phase 1 Placer Initialization | Checksum: a8285899

Time (s): cpu = 00:00:10 ; elapsed = 00:00:05 . Memory (MB): peak = 1181.820 ; gain = 0.000

Phase 2 Global Placement
Phase 2 Global Placement | Checksum: 1f42f6c85

Time (s): cpu = 00:00:16 ; elapsed = 00:00:09 . Memory (MB): peak = 1181.820 ; gain = 0.000

Phase 3 Detail Placement

Phase 3.1 Commit Multi Column Macros
Phase 3.1 Commit Multi Column Macros | Checksum: 1f42f6c85

Time (s): cpu = 00:00:16 ; elapsed = 00:00:09 . Memory (MB): peak = 1181.820 ; gain = 0.000

Phase 3.2 Commit Most Macros & LUTRAMs
Phase 3.2 Commit Most Macros & LUTRAMs | Checksum: 1d8f14031

Time (s): cpu = 00:00:17 ; elapsed = 00:00:09 . Memory (MB): peak = 1181.820 ; gain = 0.000

Phase 3.3 Area Swap Optimization
Phase 3.3 Area Swap Optimization | Checksum: 1bd8a27e1

Time (s): cpu = 00:00:17 ; elapsed = 00:00:09 . Memory (MB): peak = 1181.820 ; gain = 0.000

Phase 3.4 Pipeline Register Optimization
Phase 3.4 Pipeline Register Optimization | Checksum: 1072a74cb

Time (s): cpu = 00:00:17 ; elapsed = 00:00:09 . Memory (MB): peak = 1181.820 ; gain = 0.000

Phase 3.5 Timing Path Optimizer
Phase 3.5 Timing Path Optimizer | Checksum: 118eee38f

Time (s): cpu = 00:00:17 ; elapsed = 00:00:09 . Memory (MB): peak = 1181.820 ; gain = 0.000

Phase 3.6 Small Shape Detail Placement
Phase 3.6 Small Shape Detail Placement | Checksum: 1e6f5f898

Time (s): cpu = 00:00:19 ; elapsed = 00:00:11 . Memory (MB): peak = 1181.820 ; gain = 0.000

Phase 3.7 Re-assign LUT pins
Phase 3.7 Re-assign LUT pins | Checksum: 2229e9b5e

Time (s): cpu = 00:00:20 ; elapsed = 00:00:11 . Memory (MB): peak = 1181.820 ; gain = 0.000

Phase 3.8 Pipeline Register Optimization
Phase 3.8 Pipeline Register Optimization | Checksum: 2229e9b5e

Time (s): cpu = 00:00:20 ; elapsed = 00:00:11 . Memory (MB): peak = 1181.820 ; gain = 0.000
Phase 3 Detail Placement | Checksum: 2229e9b5e

Time (s): cpu = 00:00:20 ; elapsed = 00:00:11 . Memory (MB): peak = 1181.820 ; gain = 0.000

Phase 4 Post Placement Optimization and Clean-Up

Phase 4.1 Post Commit Optimization
INFO: [Timing 38-35] Done setting XDC timing constraints.

Phase 4.1.1 Post Placement Optimization
Post Placement Optimization Initialization | Checksum: 1fa442d83

Phase 4.1.1.1 BUFG Insertion
INFO: [Physopt 32-721] Multithreading enabled for phys_opt_design using a maximum of 2 CPUs
INFO: [Place 46-41] BUFG insertion identified 0 candidate nets, 0 success, 0 skipped for placement/routing, 0 skipped for timing, 0 skipped for netlist change reason.
Phase 4.1.1.1 BUFG Insertion | Checksum: 1fa442d83

Time (s): cpu = 00:00:21 ; elapsed = 00:00:12 . Memory (MB): peak = 1181.820 ; gain = 0.000
INFO: [Place 30-746] Post Placement Timing Summary WNS=3.649. For the most accurate timing information please run report_timing.
Phase 4.1.1 Post Placement Optimization | Checksum: 1c494526d

Time (s): cpu = 00:00:21 ; elapsed = 00:00:12 . Memory (MB): peak = 1181.820 ; gain = 0.000
Phase 4.1 Post Commit Optimization | Checksum: 1c494526d

Time (s): cpu = 00:00:21 ; elapsed = 00:00:12 . Memory (MB): peak = 1181.820 ; gain = 0.000

Phase 4.2 Post Placement Cleanup
Phase 4.2 Post Placement Cleanup | Checksum: 1c494526d

Time (s): cpu = 00:00:21 ; elapsed = 00:00:12 . Memory (MB): peak = 1181.820 ; gain = 0.000

Phase 4.3 Placer Reporting
Phase 4.3 Placer Reporting | Checksum: 1c494526d

Time (s): cpu = 00:00:21 ; elapsed = 00:00:12 . Memory (MB): peak = 1181.820 ; gain = 0.000

Phase 4.4 Final Placement Cleanup
Phase 4.4 Final Placement Cleanup | Checksum: 19fd1906d

Time (s): cpu = 00:00:21 ; elapsed = 00:00:12 . Memory (MB): peak = 1181.820 ; gain = 0.000
Phase 4 Post Placement Optimization and Clean-Up | Checksum: 19fd1906d

Time (s): cpu = 00:00:21 ; elapsed = 00:00:12 . Memory (MB): peak = 1181.820 ; gain = 0.000
Ending Placer Task | Checksum: e60253e3

Time (s): cpu = 00:00:21 ; elapsed = 00:00:12 . Memory (MB): peak = 1181.820 ; gain = 0.000
47 Infos, 3 Warnings, 0 Critical Warnings and 0 Errors encountered.
place_design completed successfully
place_design: Time (s): cpu = 00:00:23 ; elapsed = 00:00:13 . Memory (MB): peak = 1181.820 ; gain = 0.000
Writing placer database...
Writing XDEF routing.
Writing XDEF routing logical nets.
Writing XDEF routing special nets.
Write XDEF Complete: Time (s): cpu = 00:00:01 ; elapsed = 00:00:00.333 . Memory (MB): peak = 1181.820 ; gain = 0.000
INFO: [Common 17-1381] The checkpoint 'E:/ljzhu/test_gtx/gtx3g_ex/gtx3g_ex.tmp/gtx3g_bert_axi_v1_0_project/gtx3g_bert_axi_v1_0_project.runs/impl_1/gtx3g_bert_axi_v1_0_placed.dcp' has been generated.
report_io: Time (s): cpu = 00:00:01 ; elapsed = 00:00:00.111 . Memory (MB): peak = 1181.820 ; gain = 0.000
report_utilization: Time (s): cpu = 00:00:00 ; elapsed = 00:00:00.085 . Memory (MB): peak = 1181.820 ; gain = 0.000
report_control_sets: Time (s): cpu = 00:00:00 ; elapsed = 00:00:00.015 . Memory (MB): peak = 1181.820 ; gain = 0.000
Command: route_design
Attempting to get a license for feature 'Implementation' and/or device 'xc7z100i-ffg900'
INFO: [Common 17-349] Got license for feature 'Implementation' and/or device 'xc7z100i-ffg900'
Running DRC as a precondition to command route_design
Command: report_drc (run_mandatory_drcs) for: router_checks
INFO: [DRC 23-27] Running DRC with 2 threads
report_drc (run_mandatory_drcs) completed successfully
INFO: [Vivado_Tcl 4-198] DRC finished with 0 Errors
INFO: [Vivado_Tcl 4-199] Please refer to the DRC report (report_drc) for more information.


Starting Routing Task
INFO: [Route 35-254] Multithreading enabled for route_design using a maximum of 2 CPUs
Checksum: PlaceDB: ace6ac22 ConstDB: 0 ShapeSum: 391ba7c1 RouteDB: 0

Phase 1 Build RT Design
Phase 1 Build RT Design | Checksum: 1b9586085

Time (s): cpu = 00:01:47 ; elapsed = 00:01:33 . Memory (MB): peak = 1453.527 ; gain = 271.707

Phase 2 Router Initialization

Phase 2.1 Create Timer
Phase 2.1 Create Timer | Checksum: 1b9586085

Time (s): cpu = 00:01:47 ; elapsed = 00:01:33 . Memory (MB): peak = 1453.527 ; gain = 271.707

Phase 2.2 Fix Topology Constraints
Phase 2.2 Fix Topology Constraints | Checksum: 1b9586085

Time (s): cpu = 00:01:47 ; elapsed = 00:01:33 . Memory (MB): peak = 1453.527 ; gain = 271.707

Phase 2.3 Pre Route Cleanup
Phase 2.3 Pre Route Cleanup | Checksum: 1b9586085

Time (s): cpu = 00:01:47 ; elapsed = 00:01:33 . Memory (MB): peak = 1453.527 ; gain = 271.707
 Number of Nodes with overlaps = 0

Phase 2.4 Update Timing
Phase 2.4 Update Timing | Checksum: 133209d1a

Time (s): cpu = 00:01:51 ; elapsed = 00:01:36 . Memory (MB): peak = 1510.477 ; gain = 328.656
INFO: [Route 35-416] Intermediate Timing Summary | WNS=3.638  | TNS=0.000  | WHS=-0.360 | THS=-149.120|

Phase 2 Router Initialization | Checksum: 1d664306c

Time (s): cpu = 00:01:51 ; elapsed = 00:01:36 . Memory (MB): peak = 1510.477 ; gain = 328.656

Phase 3 Initial Routing
Phase 3 Initial Routing | Checksum: 1a8b103f1

Time (s): cpu = 00:01:53 ; elapsed = 00:01:37 . Memory (MB): peak = 1510.477 ; gain = 328.656

Phase 4 Rip-up And Reroute

Phase 4.1 Global Iteration 0
 Number of Nodes with overlaps = 381
 Number of Nodes with overlaps = 2
 Number of Nodes with overlaps = 0
INFO: [Route 35-416] Intermediate Timing Summary | WNS=3.178  | TNS=0.000  | WHS=N/A    | THS=N/A    |

Phase 4.1 Global Iteration 0 | Checksum: 132f4c8f3

Time (s): cpu = 00:01:54 ; elapsed = 00:01:38 . Memory (MB): peak = 1510.477 ; gain = 328.656
Phase 4 Rip-up And Reroute | Checksum: 132f4c8f3

Time (s): cpu = 00:01:54 ; elapsed = 00:01:38 . Memory (MB): peak = 1510.477 ; gain = 328.656

Phase 5 Delay and Skew Optimization

Phase 5.1 Delay CleanUp
Phase 5.1 Delay CleanUp | Checksum: 132f4c8f3

Time (s): cpu = 00:01:54 ; elapsed = 00:01:38 . Memory (MB): peak = 1510.477 ; gain = 328.656

Phase 5.2 Clock Skew Optimization
Phase 5.2 Clock Skew Optimization | Checksum: 132f4c8f3

Time (s): cpu = 00:01:54 ; elapsed = 00:01:38 . Memory (MB): peak = 1510.477 ; gain = 328.656
Phase 5 Delay and Skew Optimization | Checksum: 132f4c8f3

Time (s): cpu = 00:01:54 ; elapsed = 00:01:38 . Memory (MB): peak = 1510.477 ; gain = 328.656

Phase 6 Post Hold Fix

Phase 6.1 Hold Fix Iter

Phase 6.1.1 Update Timing
Phase 6.1.1 Update Timing | Checksum: 98acca1e

Time (s): cpu = 00:01:55 ; elapsed = 00:01:38 . Memory (MB): peak = 1510.477 ; gain = 328.656
INFO: [Route 35-416] Intermediate Timing Summary | WNS=3.265  | TNS=0.000  | WHS=0.080  | THS=0.000  |

Phase 6.1 Hold Fix Iter | Checksum: 98acca1e

Time (s): cpu = 00:01:55 ; elapsed = 00:01:38 . Memory (MB): peak = 1510.477 ; gain = 328.656
Phase 6 Post Hold Fix | Checksum: 98acca1e

Time (s): cpu = 00:01:55 ; elapsed = 00:01:38 . Memory (MB): peak = 1510.477 ; gain = 328.656

Phase 7 Route finalize

Router Utilization Summary
  Global Vertical Routing Utilization    = 0.341637 %
  Global Horizontal Routing Utilization  = 0.159041 %
  Routable Net Status*
  *Does not include unroutable nets such as driverless and loadless.
  Run report_route_status for detailed report.
  Number of Failed Nets               = 0
  Number of Unrouted Nets             = 0
  Number of Partially Routed Nets     = 0
  Number of Node Overlaps             = 0

Phase 7 Route finalize | Checksum: 129fc3767

Time (s): cpu = 00:01:55 ; elapsed = 00:01:38 . Memory (MB): peak = 1510.477 ; gain = 328.656

Phase 8 Verifying routed nets

 Verification completed successfully
Phase 8 Verifying routed nets | Checksum: 129fc3767

Time (s): cpu = 00:01:55 ; elapsed = 00:01:38 . Memory (MB): peak = 1510.477 ; gain = 328.656

Phase 9 Depositing Routes
INFO: [Route 35-467] Router swapped GT pin gtx3g_bert_axi_v1_0_S00_AXI_inst/gtx3g_bert_0_inst1/inst/gtx3g_support_i/common0_i/gtxe2_common_i/GTREFCLK1 to physical pin GTXE2_COMMON_X0Y1/GTNORTHREFCLK1
Phase 9 Depositing Routes | Checksum: 1453618b6

Time (s): cpu = 00:01:55 ; elapsed = 00:01:39 . Memory (MB): peak = 1510.477 ; gain = 328.656

Phase 10 Post Router Timing
INFO: [Route 35-57] Estimated Timing Summary | WNS=3.265  | TNS=0.000  | WHS=0.080  | THS=0.000  |

INFO: [Route 35-327] The final timing numbers are based on the router estimated timing analysis. For a complete and accurate timing signoff, please run report_timing_summary.
Phase 10 Post Router Timing | Checksum: 1453618b6

Time (s): cpu = 00:01:55 ; elapsed = 00:01:39 . Memory (MB): peak = 1510.477 ; gain = 328.656
INFO: [Route 35-16] Router Completed Successfully

Time (s): cpu = 00:01:55 ; elapsed = 00:01:39 . Memory (MB): peak = 1510.477 ; gain = 328.656

Routing Is Done.
60 Infos, 3 Warnings, 0 Critical Warnings and 0 Errors encountered.
route_design completed successfully
route_design: Time (s): cpu = 00:01:57 ; elapsed = 00:01:40 . Memory (MB): peak = 1510.477 ; gain = 328.656
Writing placer database...
Writing XDEF routing.
Writing XDEF routing logical nets.
Writing XDEF routing special nets.
Write XDEF Complete: Time (s): cpu = 00:00:01 ; elapsed = 00:00:00.422 . Memory (MB): peak = 1510.477 ; gain = 0.000
INFO: [Common 17-1381] The checkpoint 'E:/ljzhu/test_gtx/gtx3g_ex/gtx3g_ex.tmp/gtx3g_bert_axi_v1_0_project/gtx3g_bert_axi_v1_0_project.runs/impl_1/gtx3g_bert_axi_v1_0_routed.dcp' has been generated.
Command: report_drc -file gtx3g_bert_axi_v1_0_drc_routed.rpt -pb gtx3g_bert_axi_v1_0_drc_routed.pb -rpx gtx3g_bert_axi_v1_0_drc_routed.rpx
INFO: [DRC 23-27] Running DRC with 2 threads
INFO: [Coretcl 2-168] The results of DRC are in file E:/ljzhu/test_gtx/gtx3g_ex/gtx3g_ex.tmp/gtx3g_bert_axi_v1_0_project/gtx3g_bert_axi_v1_0_project.runs/impl_1/gtx3g_bert_axi_v1_0_drc_routed.rpt.
report_drc completed successfully
Command: report_methodology -file gtx3g_bert_axi_v1_0_methodology_drc_routed.rpt -rpx gtx3g_bert_axi_v1_0_methodology_drc_routed.rpx
INFO: [Timing 38-35] Done setting XDC timing constraints.
INFO: [DRC 23-133] Running Methodology with 2 threads
INFO: [Coretcl 2-1520] The results of Report Methodology are in file E:/ljzhu/test_gtx/gtx3g_ex/gtx3g_ex.tmp/gtx3g_bert_axi_v1_0_project/gtx3g_bert_axi_v1_0_project.runs/impl_1/gtx3g_bert_axi_v1_0_methodology_drc_routed.rpt.
report_methodology completed successfully
Command: report_power -file gtx3g_bert_axi_v1_0_power_routed.rpt -pb gtx3g_bert_axi_v1_0_power_summary_routed.pb -rpx gtx3g_bert_axi_v1_0_power_routed.rpx
INFO: [Timing 38-35] Done setting XDC timing constraints.
Running Vector-less Activity Propagation...

Finished Running Vector-less Activity Propagation
WARNING: [Power 33-332] Found switching activity that implies high-fanout reset nets being asserted for excessive periods of time which may result in inaccurate power analysis.
Resolution: To review and fix problems, please run Power Constraints Advisor in the GUI from Tools > Power Constraints Advisor or run report_power with the -advisory option to generate a text report.
67 Infos, 4 Warnings, 0 Critical Warnings and 0 Errors encountered.
report_power completed successfully
INFO: [Timing 38-91] UpdateTimingParams: Speed grade: -2L, Delay Type: min_max.
INFO: [Timing 38-191] Multithreading enabled for timing update using a maximum of 2 CPUs
INFO: [Common 17-206] Exiting Vivado at Thu May 10 21:11:31 2018...
